<?xml version="1.0" encoding="UTF-8"?>
<testsuite xmlns:xsi="http://www.w3.org/2001/XMLSchema-instance" xsi:noNamespaceSchemaLocation="https://maven.apache.org/surefire/maven-surefire-plugin/xsd/surefire-test-report.xsd" version="3.0.1" name="TestSuite" time="244.504" tests="145" errors="0" skipped="0" failures="23">
  <properties>
[...]
</properties>
  <testcase name="runScenario[&quot;Forgot Password API with incorrect details&quot;, &quot;Forgot Password API error handling&quot;](3)" classname="TestNGTestRunner" time="4.827">
    <system-out><![CDATA[
@FunctionalAPI
Scenario Outline: GetAllProducts API with filters                                               # src/test/java/FeatureFiles/APITest/GetAllProductsAPI/Functionality.feature:19

@ErrorHandlingAPI
Scenario: GetAllProducts API with incorrect end point # src/test/java/FeatureFiles/APITest/GetAllProductsAPI/ErrorHandling.feature:4

@ErrorHandlingAPI
Scenario Outline: Forgot Password API with incorrect details   # src/test/java/FeatureFiles/APITest/ForgotPasswordAPI/ErrorHandling.feature:11

@FunctionalAPI
Scenario Outline: GetAllProducts API with filters                                               # src/test/java/FeatureFiles/APITest/GetAllProductsAPI/Functionality.feature:18

@ErrorHandlingAPI
Scenario Outline: Forgot Password API with incorrect details        # src/test/java/FeatureFiles/APITest/ForgotPasswordAPI/ErrorHandling.feature:12

@FunctionalAPI
Scenario Outline: GetAllProducts API with filters                                               # src/test/java/FeatureFiles/APITest/GetAllProductsAPI/Functionality.feature:17

@ErrorHandlingAPI
Scenario: GetAllProducts API with no authorization token                   # src/test/java/FeatureFiles/APITest/GetAllProductsAPI/ErrorHandling.feature:10

@FunctionalAPI
Scenario Outline: GetAllProducts API with filters                                               # src/test/java/FeatureFiles/APITest/GetAllProductsAPI/Functionality.feature:20

@FunctionalAPI
Scenario: Forgot Password API with correct details                 # src/test/java/FeatureFiles/APITest/ForgotPasswordAPI/Functionality.feature:4

@ErrorHandlingAPI
Scenario Outline: Forgot Password API with wrong end point    # src/test/java/FeatureFiles/APITest/ForgotPasswordAPI/ErrorHandling.feature:23
  Given User provides login information                                                         # StepDefinitions.APITest.GetAllProductsAPI.FunctionalityStepDefImpl.userProvidesLoginInformation()
  Given User provides login information                                                         # StepDefinitions.APITest.GetAllProductsAPI.FunctionalityStepDefImpl.userProvidesLoginInformation()
  Given User provides sfoi4hg9ufiorhgmail.com 123 123 details  # StepDefinitions.APITest.ForgotPasswordAPI.ErrorHandlingStepDefImpl.userProvidesUsernamePasswordConfirmpasswordDetails(java.lang.String,java.lang.String,java.lang.String)
  Given User provides correct details                              # StepDefinitions.APITest.ForgotPasswordAPI.FunctionalityStepDefImpl.userProvidesCorrectDetails()
  Given User provides login information                                                         # StepDefinitions.APITest.GetAllProductsAPI.FunctionalityStepDefImpl.userProvidesLoginInformation()
  Given User provides santhoshsai4517@gmail.com   details           # StepDefinitions.APITest.ForgotPasswordAPI.ErrorHandlingStepDefImpl.userProvidesUsernamePasswordConfirmpasswordDetails(java.lang.String,java.lang.String,java.lang.String)
  Given User provides filter details without authorization token           # StepDefinitions.APITest.GetAllProductsAPI.ErrorHandlingStepDefImpl.userProvidesFilterDetailsWithoutAuthorizationToken()
  Given User provides sfoi4hg9ufiorhgmail.com 123 123 details # StepDefinitions.APITest.ForgotPasswordAPI.ErrorHandlingStepDefImpl.userProvidesUsernamePasswordConfirmpasswordDetails(java.lang.String,java.lang.String,java.lang.String)
  Given User provides login information                                                         # StepDefinitions.APITest.GetAllProductsAPI.FunctionalityStepDefImpl.userProvidesLoginInformation()
Request method:	POST
Request URI:	https://rahulshettyacademy.com/api/ecom/auth/new-password
Proxy:			<none>
Request params:	<none>
Query params:	<none>
Form params:	<none>
Path params:	<none>
Headers:		Accept=*/*
				Content-Type=application/json
Cookies:		<none>
Multiparts:		<none>
Body:
{
    "userEmail": "sfoi4hg9ufiorhgmail.com",
    "userPassword": "123",
    "confirmPassword": "123"
}
Request method:	POST
Request URI:	https://rahulshettyacademy.com/api/ecom/auth/login
Proxy:			<none>
Request params:	<none>
Query params:	<none>
Form params:	<none>
Path params:	<none>
Headers:		Accept=*/*
				Content-Type=application/json
Cookies:		<none>
Multiparts:		<none>
Body:
{
    "userEmail": "santhoshsai4517@gmail.com",
    "userPassword": "151Fa04124@4517"
}
Request method:	POST
Request URI:	https://rahulshettyacademy.com/api/ecom/auth/login
Proxy:			<none>
Request params:	<none>
Query params:	<none>
Form params:	<none>
Path params:	<none>
Headers:		Accept=*/*
				Content-Type=application/json
Cookies:		<none>
Multiparts:		<none>
Body:
{
    "userEmail": "santhoshsai4517@gmail.com",
    "userPassword": "151Fa04124@4517"
}
Request method:	POST
Request URI:	https://rahulshettyacademy.com/api/ecom/auth/login
Proxy:			<none>
Request params:	<none>
Query params:	<none>
Form params:	<none>
Path params:	<none>
Headers:		Accept=*/*
				Content-Type=application/json
Cookies:		<none>
Multiparts:		<none>
Body:
{
    "userEmail": "santhoshsai4517@gmail.com",
    "userPassword": "151Fa04124@4517"
}
Request method:	POST
Request URI:	https://rahulshettyacademy.com/api/ecom/auth/new-passwordcer
Proxy:			<none>
Request params:	<none>
Query params:	<none>
Form params:	<none>
Path params:	<none>
Headers:		Accept=*/*
				Content-Type=application/json
Cookies:		<none>
Multiparts:		<none>
Body:
{
    "userEmail": "sfoi4hg9ufiorhgmail.com",
    "userPassword": "123",
    "confirmPassword": "123"
}
Request method:	POST
Request URI:	https://rahulshettyacademy.com/api/ecom/auth/new-password
Proxy:			<none>
Request params:	<none>
Query params:	<none>
Form params:	<none>
Path params:	<none>
Headers:		Accept=*/*
				Content-Type=application/json
Cookies:		<none>
Multiparts:		<none>
Body:
{
    "userEmail": "santhoshsai4517@gmail.com",
    "userPassword": "",
    "confirmPassword": ""
}
Request method:	POST
Request URI:	https://rahulshettyacademy.com/api/ecom/auth/new-password
Proxy:			<none>
Request params:	<none>
Query params:	<none>
Form params:	<none>
Path params:	<none>
Headers:		Accept=*/*
				Content-Type=application/json
Cookies:		<none>
Multiparts:		<none>
Body:
{
    "userEmail": "s1234@gmail.com",
    "userPassword": "151Fa04124@4517",
    "confirmPassword": "151Fa04124@4517"
}
Request method:	POST
Request URI:	https://rahulshettyacademy.com/api/ecom/auth/login
Proxy:			<none>
Request params:	<none>
Query params:	<none>
Form params:	<none>
Path params:	<none>
Headers:		Accept=*/*
				Content-Type=application/json
Cookies:		<none>
Multiparts:		<none>
Body:
{
    "userEmail": "santhoshsai4517@gmail.com",
    "userPassword": "151Fa04124@4517"
}
Request method:	POST
Request URI:	https://rahulshettyacademy.com/api/ecom/auth/login
Proxy:			<none>
Request params:	<none>
Query params:	<none>
Form params:	<none>
Path params:	<none>
Headers:		Accept=*/*
				Content-Type=application/json
Cookies:		<none>
Multiparts:		<none>
Body:
{
    "userEmail": "santhoshsai4517@gmail.com",
    "userPassword": "151Fa04124@4517"
}
Request method:	POST
Request URI:	https://rahulshettyacademy.com/api/ecom/product/get-all-products
Proxy:			<none>
Request params:	<none>
Query params:	<none>
Form params:	<none>
Path params:	<none>
Headers:		Accept=*/*
				Content-Type=application/json
Cookies:		<none>
Multiparts:		<none>
Body:
{
    "productName": "",
    "minPrice": null,
    "maxPrice": null,
    "productCategory": [
        
    ],
    "productSubCategory": [
        
    ],
    "productFor": [
        
    ]
}
  When User sends forgot password api request                  # StepDefinitions.APITest.ForgotPasswordAPI.ErrorHandlingStepDefImpl.userSendsForgotPasswordApiRequest()
  When User sends forgot password api request                       # StepDefinitions.APITest.ForgotPasswordAPI.ErrorHandlingStepDefImpl.userSendsForgotPasswordApiRequest()
HTTP/1.1 404 Not Found
Date: Mon, 06 Jan 2025 04:37:25 GMT
Server: Apache/2.4.52 (Ubuntu)
Content-Security-Policy: default-src 'self';base-uri 'self';block-all-mixed-content;font-src 'self' https: data:;frame-ancestors 'self';img-src 'self' data:;object-src 'none';script-src 'self';script-src-attr 'none';style-src 'self' https: 'unsafe-inline';upgrade-insecure-requests
X-DNS-Prefetch-Control: off
Expect-CT: max-age=0
X-Frame-Options: SAMEORIGIN
Strict-Transport-Security: max-age=15552000; includeSubDomains
X-Download-Options: noopen
X-Content-Type-Options: nosniff
X-Permitted-Cross-Domain-Policies: none
Referrer-Policy: no-referrer
X-XSS-Protection: 0
Access-Control-Allow-Origin: *
Content-Type: application/json; charset=utf-8
Content-Length: 29
ETag: W/"1d-PuFZGbFdVksd6DA+Q6gxJfihjNc"
Vary: Accept-Encoding
Keep-Alive: timeout=5, max=100
Connection: Keep-Alive

{
    "message": "User Not found."
}
HTTP/1.1 401 Unauthorized
Date: Mon, 06 Jan 2025 04:37:25 GMT
Server: Apache/2.4.52 (Ubuntu)
Content-Security-Policy: default-src 'self';base-uri 'self';block-all-mixed-content;font-src 'self' https: data:;frame-ancestors 'self';img-src 'self' data:;object-src 'none';script-src 'self';script-src-attr 'none';style-src 'self' https: 'unsafe-inline';upgrade-insecure-requests
X-DNS-Prefetch-Control: off
Expect-CT: max-age=0
X-Frame-Options: SAMEORIGIN
Strict-Transport-Security: max-age=15552000; includeSubDomains
X-Download-Options: noopen
X-Content-Type-Options: nosniff
X-Permitted-Cross-Domain-Policies: none
Referrer-Policy: no-referrer
X-XSS-Protection: 0
Access-Control-Allow-Origin: *
Content-Type: application/json; charset=utf-8
Content-Length: 64
ETag: W/"40-OA4ZisnDMYQXAk/ZYKwVHFgkyVA"
Vary: Accept-Encoding
Keep-Alive: timeout=5, max=100
Connection: Keep-Alive

{
    "type": "Invalid",
    "message": "Access denied. No token provided."
}
HTTP/1.1 200 OK
Date: Mon, 06 Jan 2025 04:37:25 GMT
Server: Apache/2.4.52 (Ubuntu)
Content-Security-Policy: default-src 'self';base-uri 'self';block-all-mixed-content;font-src 'self' https: data:;frame-ancestors 'self';img-src 'self' data:;object-src 'none';script-src 'self';script-src-attr 'none';style-src 'self' https: 'unsafe-inline';upgrade-insecure-requests
X-DNS-Prefetch-Control: off
Expect-CT: max-age=0
X-Frame-Options: SAMEORIGIN
Strict-Transport-Security: max-age=15552000; includeSubDomains
X-Download-Options: noopen
X-Content-Type-Options: nosniff
X-Permitted-Cross-Domain-Policies: none
Referrer-Policy: no-referrer
X-XSS-Protection: 0
Access-Control-Allow-Origin: *
Content-Type: application/json; charset=utf-8
Content-Length: 366
ETag: W/"16e-9SpctWmYj6q4CsFP+HWwTlAL1n4"
Vary: Accept-Encoding
Keep-Alive: timeout=5, max=100
Connection: Keep-Alive

{
    "token": "eyJhbGciOiJIUzI1NiIsInR5cCI6IkpXVCJ9.eyJfaWQiOiI2NmI0NGIwYWFlMmFmZDRjMGI0NDFmMzciLCJ1c2VyRW1haWwiOiJzYW50aG9zaHNhaTQ1MTdAZ21haWwuY29tIiwidXNlck1vYmlsZSI6OTA2MzUxNzYxNywidXNlclJvbGUiOiJjdXN0b21lciIsImlhdCI6MTczNjEzODI0NSwiZXhwIjoxNzY3Njk1ODQ1fQ.7_dg3s1vBO0b5GDqWsW3qwoeS_2QwMdUVEdKo8jtU7s",
    "userId": "66b44b0aae2afd4c0b441f37",
    "message": "Login Successfully"
}
HTTP/1.1 200 OK
Date: Mon, 06 Jan 2025 04:37:25 GMT
Server: Apache/2.4.52 (Ubuntu)
Content-Security-Policy: default-src 'self';base-uri 'self';block-all-mixed-content;font-src 'self' https: data:;frame-ancestors 'self';img-src 'self' data:;object-src 'none';script-src 'self';script-src-attr 'none';style-src 'self' https: 'unsafe-inline';upgrade-insecure-requests
X-DNS-Prefetch-Control: off
Expect-CT: max-age=0
X-Frame-Options: SAMEORIGIN
Strict-Transport-Security: max-age=15552000; includeSubDomains
X-Download-Options: noopen
X-Content-Type-Options: nosniff
X-Permitted-Cross-Domain-Policies: none
Referrer-Policy: no-referrer
X-XSS-Protection: 0
Access-Control-Allow-Origin: *
Content-Type: application/json; charset=utf-8
Content-Length: 366
ETag: W/"16e-9SpctWmYj6q4CsFP+HWwTlAL1n4"
Vary: Accept-Encoding
Keep-Alive: timeout=5, max=100
Connection: Keep-Alive

{
    "token": "eyJhbGciOiJIUzI1NiIsInR5cCI6IkpXVCJ9.eyJfaWQiOiI2NmI0NGIwYWFlMmFmZDRjMGI0NDFmMzciLCJ1c2VyRW1haWwiOiJzYW50aG9zaHNhaTQ1MTdAZ21haWwuY29tIiwidXNlck1vYmlsZSI6OTA2MzUxNzYxNywidXNlclJvbGUiOiJjdXN0b21lciIsImlhdCI6MTczNjEzODI0NSwiZXhwIjoxNzY3Njk1ODQ1fQ.7_dg3s1vBO0b5GDqWsW3qwoeS_2QwMdUVEdKo8jtU7s",
    "userId": "66b44b0aae2afd4c0b441f37",
    "message": "Login Successfully"
}
HTTP/1.1 200 OK
Date: Mon, 06 Jan 2025 04:37:24 GMT
Server: Apache/2.4.52 (Ubuntu)
Content-Security-Policy: default-src 'self';base-uri 'self';block-all-mixed-content;font-src 'self' https: data:;frame-ancestors 'self';img-src 'self' data:;object-src 'none';script-src 'self';script-src-attr 'none';style-src 'self' https: 'unsafe-inline';upgrade-insecure-requests
X-DNS-Prefetch-Control: off
Expect-CT: max-age=0
X-Frame-Options: SAMEORIGIN
Strict-Transport-Security: max-age=15552000; includeSubDomains
X-Download-Options: noopen
X-Content-Type-Options: nosniff
X-Permitted-Cross-Domain-Policies: none
Referrer-Policy: no-referrer
X-XSS-Protection: 0
Access-Control-Allow-Origin: *
Content-Type: application/json; charset=utf-8
Content-Length: 366
ETag: W/"16e-yKJlJ/wohW3SQ8waObopM2xNOYk"
Vary: Accept-Encoding
Keep-Alive: timeout=5, max=100
Connection: Keep-Alive

{
    "token": "eyJhbGciOiJIUzI1NiIsInR5cCI6IkpXVCJ9.eyJfaWQiOiI2NmI0NGIwYWFlMmFmZDRjMGI0NDFmMzciLCJ1c2VyRW1haWwiOiJzYW50aG9zaHNhaTQ1MTdAZ21haWwuY29tIiwidXNlck1vYmlsZSI6OTA2MzUxNzYxNywidXNlclJvbGUiOiJjdXN0b21lciIsImlhdCI6MTczNjEzODI0NCwiZXhwIjoxNzY3Njk1ODQ0fQ.IkVZZPJN8BiFnk53Iks2opyGYBDTCHjMTdK_6OHibho",
    "userId": "66b44b0aae2afd4c0b441f37",
    "message": "Login Successfully"
}
HTTP/1.1 200 OK
Date: Mon, 06 Jan 2025 04:37:25 GMT
Server: Apache/2.4.52 (Ubuntu)
Content-Security-Policy: default-src 'self';base-uri 'self';block-all-mixed-content;font-src 'self' https: data:;frame-ancestors 'self';img-src 'self' data:;object-src 'none';script-src 'self';script-src-attr 'none';style-src 'self' https: 'unsafe-inline';upgrade-insecure-requests
X-DNS-Prefetch-Control: off
Expect-CT: max-age=0
X-Frame-Options: SAMEORIGIN
Strict-Transport-Security: max-age=15552000; includeSubDomains
X-Download-Options: noopen
X-Content-Type-Options: nosniff
X-Permitted-Cross-Domain-Policies: none
Referrer-Policy: no-referrer
X-XSS-Protection: 0
Access-Control-Allow-Origin: *
Content-Type: application/json; charset=utf-8
Content-Length: 366
ETag: W/"16e-9SpctWmYj6q4CsFP+HWwTlAL1n4"
Vary: Accept-Encoding
Keep-Alive: timeout=5, max=100
Connection: Keep-Alive

{
    "token": "eyJhbGciOiJIUzI1NiIsInR5cCI6IkpXVCJ9.eyJfaWQiOiI2NmI0NGIwYWFlMmFmZDRjMGI0NDFmMzciLCJ1c2VyRW1haWwiOiJzYW50aG9zaHNhaTQ1MTdAZ21haWwuY29tIiwidXNlck1vYmlsZSI6OTA2MzUxNzYxNywidXNlclJvbGUiOiJjdXN0b21lciIsImlhdCI6MTczNjEzODI0NSwiZXhwIjoxNzY3Njk1ODQ1fQ.7_dg3s1vBO0b5GDqWsW3qwoeS_2QwMdUVEdKo8jtU7s",
    "userId": "66b44b0aae2afd4c0b441f37",
    "message": "Login Successfully"
}
HTTP/1.1 400 Bad Request
Date: Mon, 06 Jan 2025 04:37:25 GMT
Server: Apache/2.4.52 (Ubuntu)
Content-Security-Policy: default-src 'self';base-uri 'self';block-all-mixed-content;font-src 'self' https: data:;frame-ancestors 'self';img-src 'self' data:;object-src 'none';script-src 'self';script-src-attr 'none';style-src 'self' https: 'unsafe-inline';upgrade-insecure-requests
X-DNS-Prefetch-Control: off
Expect-CT: max-age=0
X-Frame-Options: SAMEORIGIN
Strict-Transport-Security: max-age=15552000; includeSubDomains
X-Download-Options: noopen
X-Content-Type-Options: nosniff
X-Permitted-Cross-Domain-Policies: none
Referrer-Policy: no-referrer
X-XSS-Protection: 0
Access-Control-Allow-Origin: *
Content-Type: application/json; charset=utf-8
Content-Length: 34
ETag: W/"22-XtEzHX9GQLzZL4rDhtcgubmhX1I"
Vary: Accept-Encoding
Connection: close

{
    "message": "Password is required"
}
  When User sends login api request                                                             # StepDefinitions.APITest.GetAllProductsAPI.FunctionalityStepDefImpl.userSendsLoginApiRequest()
  When User sends request with api end point                               # StepDefinitions.APITest.GetAllProductsAPI.ErrorHandlingStepDefImpl.userSendsRequestWithApiEndPoint()
  When User sends login api request                                                             # StepDefinitions.APITest.GetAllProductsAPI.FunctionalityStepDefImpl.userSendsLoginApiRequest()
  When User sends login api request                                                             # StepDefinitions.APITest.GetAllProductsAPI.FunctionalityStepDefImpl.userSendsLoginApiRequest()
  Given User provides filter details                  # StepDefinitions.APITest.GetAllProductsAPI.ErrorHandlingStepDefImpl.userProvidesFilterDetails()
Request method:	POST
Request URI:	https://rahulshettyacademy.com/api/ecom/auth/et-all-products
Proxy:			<none>
Request params:	<none>
Query params:	<none>
Form params:	<none>
Path params:	<none>
Headers:		Authorization=eyJhbGciOiJIUzI1NiIsInR5cCI6IkpXVCJ9.eyJfaWQiOiI2NmI0NGIwYWFlMmFmZDRjMGI0NDFmMzciLCJ1c2VyRW1haWwiOiJzYW50aG9zaHNhaTQ1MTdAZ21haWwuY29tIiwidXNlck1vYmlsZSI6OTA2MzUxNzYxNywidXNlclJvbGUiOiJjdXN0b21lciIsImlhdCI6MTczNjEzODI0NCwiZXhwIjoxNzY3Njk1ODQ0fQ.IkVZZPJN8BiFnk53Iks2opyGYBDTCHjMTdK_6OHibho
				Accept=*/*
				Content-Type=application/json
Cookies:		<none>
Multiparts:		<none>
Body:
{
    "productName": "",
    "minPrice": null,
    "maxPrice": null,
    "productCategory": [
        
    ],
    "productSubCategory": [
        
    ],
    "productFor": [
        
    ]
}
  Then "Access denied. No token provided." message is returned in response # StepDefinitions.APITest.GetAllProductsAPI.ErrorHandlingStepDefImpl.messageIsReturnedInResponse(java.lang.String)
  Then User gets back a token in api response                                                   # StepDefinitions.APITest.GetAllProductsAPI.FunctionalityStepDefImpl.userGetsBackATokenInApiResponse()
  Then User gets back a token in api response                                                   # StepDefinitions.APITest.GetAllProductsAPI.FunctionalityStepDefImpl.userGetsBackATokenInApiResponse()
  Then User Not found. message  and 404 error code is returned # StepDefinitions.APITest.ForgotPasswordAPI.ErrorHandlingStepDefImpl.messageMessageAndCodeErrorCodeIsReturned(java.lang.String,java.lang.String)
  Then Password is required message  and 400 error code is returned # StepDefinitions.APITest.ForgotPasswordAPI.ErrorHandlingStepDefImpl.messageMessageAndCodeErrorCodeIsReturned(java.lang.String,java.lang.String)
  Then User gets back a token in api response                                                   # StepDefinitions.APITest.GetAllProductsAPI.FunctionalityStepDefImpl.userGetsBackATokenInApiResponse()
  Given User provides       filter details to get products                                      # StepDefinitions.APITest.GetAllProductsAPI.FunctionalityStepDefImpl.userProvidesNameMinMaxCatSubcatForFilterDetailsToGetProducts(java.lang.String,java.lang.String,java.lang.String,java.lang.String,java.lang.String,java.lang.String)
  Given User provides ADIDAS      filter details to get products                                # StepDefinitions.APITest.GetAllProductsAPI.FunctionalityStepDefImpl.userProvidesNameMinMaxCatSubcatForFilterDetailsToGetProducts(java.lang.String,java.lang.String,java.lang.String,java.lang.String,java.lang.String,java.lang.String)
Request method:	POST
Request URI:	https://rahulshettyacademy.com/api/ecom/product/get-all-products
Proxy:			<none>
Request params:	<none>
Query params:	<none>
Form params:	<none>
Path params:	<none>
Headers:		Authorization=eyJhbGciOiJIUzI1NiIsInR5cCI6IkpXVCJ9.eyJfaWQiOiI2NmI0NGIwYWFlMmFmZDRjMGI0NDFmMzciLCJ1c2VyRW1haWwiOiJzYW50aG9zaHNhaTQ1MTdAZ21haWwuY29tIiwidXNlck1vYmlsZSI6OTA2MzUxNzYxNywidXNlclJvbGUiOiJjdXN0b21lciIsImlhdCI6MTczNjEzODI0NSwiZXhwIjoxNzY3Njk1ODQ1fQ.7_dg3s1vBO0b5GDqWsW3qwoeS_2QwMdUVEdKo8jtU7s
				Accept=*/*
				Content-Type=application/json
Cookies:		<none>
Multiparts:		<none>
Body:
{
    "productName": "ADIDAS",
    "minPrice": null,
    "maxPrice": null,
    "productCategory": [
        
    ],
    "productSubCategory": [
        
    ],
    "productFor": [
        
    ]
}
Request method:	POST
Request URI:	https://rahulshettyacademy.com/api/ecom/product/get-all-products
Proxy:			<none>
Request params:	<none>
Query params:	<none>
Form params:	<none>
Path params:	<none>
Headers:		Authorization=eyJhbGciOiJIUzI1NiIsInR5cCI6IkpXVCJ9.eyJfaWQiOiI2NmI0NGIwYWFlMmFmZDRjMGI0NDFmMzciLCJ1c2VyRW1haWwiOiJzYW50aG9zaHNhaTQ1MTdAZ21haWwuY29tIiwidXNlck1vYmlsZSI6OTA2MzUxNzYxNywidXNlclJvbGUiOiJjdXN0b21lciIsImlhdCI6MTczNjEzODI0NSwiZXhwIjoxNzY3Njk1ODQ1fQ.7_dg3s1vBO0b5GDqWsW3qwoeS_2QwMdUVEdKo8jtU7s
				Accept=*/*
				Content-Type=application/json
Cookies:		<none>
Multiparts:		<none>
Body:
{
    "productName": "",
    "minPrice": null,
    "maxPrice": null,
    "productCategory": [
        
    ],
    "productSubCategory": [
        
    ],
    "productFor": [
        
    ]
}
  When User sends request to wrong end point                  # StepDefinitions.APITest.ForgotPasswordAPI.ErrorHandlingStepDefImpl.userSendsRequestToWrongEndPoint()
  Given User provides  50000     filter details to get products                                 # StepDefinitions.APITest.GetAllProductsAPI.FunctionalityStepDefImpl.userProvidesNameMinMaxCatSubcatForFilterDetailsToGetProducts(java.lang.String,java.lang.String,java.lang.String,java.lang.String,java.lang.String,java.lang.String)
Request method:	POST
Request URI:	https://rahulshettyacademy.com/api/ecom/product/get-all-products
Proxy:			<none>
Request params:	<none>
Query params:	<none>
Form params:	<none>
Path params:	<none>
Headers:		Authorization=eyJhbGciOiJIUzI1NiIsInR5cCI6IkpXVCJ9.eyJfaWQiOiI2NmI0NGIwYWFlMmFmZDRjMGI0NDFmMzciLCJ1c2VyRW1haWwiOiJzYW50aG9zaHNhaTQ1MTdAZ21haWwuY29tIiwidXNlck1vYmlsZSI6OTA2MzUxNzYxNywidXNlclJvbGUiOiJjdXN0b21lciIsImlhdCI6MTczNjEzODI0NSwiZXhwIjoxNzY3Njk1ODQ1fQ.7_dg3s1vBO0b5GDqWsW3qwoeS_2QwMdUVEdKo8jtU7s
				Accept=*/*
				Content-Type=application/json
Cookies:		<none>
Multiparts:		<none>
Body:
{
    "productName": "",
    "minPrice": 50000,
    "maxPrice": null,
    "productCategory": [
        
    ],
    "productSubCategory": [
        
    ],
    "productFor": [
        
    ]
}
HTTP/1.1 404 Not Found
Date: Mon, 06 Jan 2025 04:37:25 GMT
Server: Apache/2.4.52 (Ubuntu)
Content-Security-Policy: default-src 'none'
X-DNS-Prefetch-Control: off
Expect-CT: max-age=0
X-Frame-Options: SAMEORIGIN
Strict-Transport-Security: max-age=15552000; includeSubDomains
X-Download-Options: noopen
X-Content-Type-Options: nosniff
X-Permitted-Cross-Domain-Policies: none
Referrer-Policy: no-referrer
X-XSS-Protection: 0
Access-Control-Allow-Origin: *
Content-Type: text/html; charset=utf-8
Content-Length: 160
Vary: Accept-Encoding
Keep-Alive: timeout=5, max=100
Connection: Keep-Alive

<html lang="en">
  <head>
    <meta charset="utf-8"/>
    <title>Error</title>
  </head>
  <body>
    <pre>Cannot POST /auth/new-passwordcer</pre>
  </body>
</html>
  Then "404" error code is returned in response               # StepDefinitions.APITest.ForgotPasswordAPI.ErrorHandlingStepDefImpl.errorIsReturnedInResponse(java.lang.String)
  When User sends forgot password request                          # StepDefinitions.APITest.ForgotPasswordAPI.FunctionalityStepDefImpl.userSendsForgotPasswordRequest()
      java.lang.AssertionError: 1 expectation failed.
Expected response time was not a value less than <2000L> milliseconds, was 2025 milliseconds (2025 milliseconds).
	at java.base/jdk.internal.reflect.DirectConstructorHandleAccessor.newInstance(DirectConstructorHandleAccessor.java:62)
	at java.base/java.lang.reflect.Constructor.newInstanceWithCaller(Constructor.java:502)
	at java.base/java.lang.reflect.Constructor.newInstance(Constructor.java:486)
	at org.codehaus.groovy.reflection.CachedConstructor.invoke(CachedConstructor.java:73)
	at org.codehaus.groovy.runtime.callsite.ConstructorSite$ConstructorSiteNoUnwrapNoCoerce.callConstructor(ConstructorSite.java:108)
	at org.codehaus.groovy.runtime.callsite.CallSiteArray.defaultCallConstructor(CallSiteArray.java:57)
	at org.codehaus.groovy.runtime.callsite.AbstractCallSite.callConstructor(AbstractCallSite.java:263)
	at org.codehaus.groovy.runtime.callsite.AbstractCallSite.callConstructor(AbstractCallSite.java:277)
	at io.restassured.internal.ResponseSpecificationImpl$HamcrestAssertionClosure.validate(ResponseSpecificationImpl.groovy:512)
	at io.restassured.internal.ResponseSpecificationImpl$HamcrestAssertionClosure$validate$1.call(Unknown Source)
	at io.restassured.internal.ResponseSpecificationImpl.validate(ResponseSpecificationImpl.groovy:101)
	at io.restassured.internal.ValidatableResponseOptionsImpl.spec(ValidatableResponseOptionsImpl.java:288)
	at StepDefinitions.APITest.ForgotPasswordAPI.FunctionalityStepDefImpl.userSendsForgotPasswordRequest(FunctionalityStepDefImpl.java:41)
	at ✽.User sends forgot password request(file:///C:/Users/santh/Desktop/Ecommerce%20Automation/Selenium/EcommercePractise/src/test/java/FeatureFiles/APITest/ForgotPasswordAPI/Functionality.feature:6)

  Then "Password Changed Successfully" message is returned to user # StepDefinitions.APITest.ForgotPasswordAPI.FunctionalityStepDefImpl.messageIsReturnedToUser(java.lang.String)
  When User sends request with wrong api end point    # StepDefinitions.APITest.GetAllProductsAPI.ErrorHandlingStepDefImpl.userSendsRequestWithWrongApiEndPoint()
HTTP/1.1 404 Not Found
Date: Mon, 06 Jan 2025 04:37:26 GMT
Server: Apache/2.4.52 (Ubuntu)
Content-Security-Policy: default-src 'none'
X-DNS-Prefetch-Control: off
Expect-CT: max-age=0
X-Frame-Options: SAMEORIGIN
Strict-Transport-Security: max-age=15552000; includeSubDomains
X-Download-Options: noopen
X-Content-Type-Options: nosniff
X-Permitted-Cross-Domain-Policies: none
Referrer-Policy: no-referrer
X-XSS-Protection: 0
Access-Control-Allow-Origin: *
Content-Type: text/html; charset=utf-8
Content-Length: 160
Vary: Accept-Encoding
Keep-Alive: timeout=5, max=100
Connection: Keep-Alive

<html lang="en">
  <head>
    <meta charset="utf-8"/>
    <title>Error</title>
  </head>
  <body>
    <pre>Cannot POST /auth/et-all-products</pre>
  </body>
</html>
  Then "404" error is returned in response            # StepDefinitions.APITest.GetAllProductsAPI.ErrorHandlingStepDefImpl.errorIsReturnedInResponse(java.lang.String)
  When User sends login api request                                                             # StepDefinitions.APITest.GetAllProductsAPI.FunctionalityStepDefImpl.userSendsLoginApiRequest()
      java.lang.AssertionError: 1 expectation failed.
Expected response time was not a value less than <2000L> milliseconds, was 2190 milliseconds (2190 milliseconds).
	at java.base/jdk.internal.reflect.DirectConstructorHandleAccessor.newInstance(DirectConstructorHandleAccessor.java:62)
	at java.base/java.lang.reflect.Constructor.newInstanceWithCaller(Constructor.java:502)
	at java.base/java.lang.reflect.Constructor.newInstance(Constructor.java:486)
	at org.codehaus.groovy.reflection.CachedConstructor.invoke(CachedConstructor.java:73)
	at org.codehaus.groovy.runtime.callsite.ConstructorSite$ConstructorSiteNoUnwrapNoCoerce.callConstructor(ConstructorSite.java:108)
	at org.codehaus.groovy.runtime.callsite.AbstractCallSite.callConstructor(AbstractCallSite.java:277)
	at io.restassured.internal.ResponseSpecificationImpl$HamcrestAssertionClosure.validate(ResponseSpecificationImpl.groovy:512)
	at io.restassured.internal.ResponseSpecificationImpl$HamcrestAssertionClosure$validate$1.call(Unknown Source)
	at io.restassured.internal.ResponseSpecificationImpl.validate(ResponseSpecificationImpl.groovy:101)
	at io.restassured.internal.ValidatableResponseOptionsImpl.spec(ValidatableResponseOptionsImpl.java:288)
	at StepDefinitions.APITest.GetAllProductsAPI.FunctionalityStepDefImpl.userSendsLoginApiRequest(FunctionalityStepDefImpl.java:43)
	at ✽.User sends login api request(file:///C:/Users/santh/Desktop/Ecommerce%20Automation/Selenium/EcommercePractise/src/test/java/FeatureFiles/APITest/GetAllProductsAPI/Functionality.feature:5)

  Then User gets back a token in api response                                                   # StepDefinitions.APITest.GetAllProductsAPI.FunctionalityStepDefImpl.userGetsBackATokenInApiResponse()
  Given User provides   50000    filter details to get products                                 # StepDefinitions.APITest.GetAllProductsAPI.FunctionalityStepDefImpl.userProvidesNameMinMaxCatSubcatForFilterDetailsToGetProducts(java.lang.String,java.lang.String,java.lang.String,java.lang.String,java.lang.String,java.lang.String)
  When User sends get all products api request                                                  # StepDefinitions.APITest.GetAllProductsAPI.FunctionalityStepDefImpl.userSendsGetAllProductsApiReques()
  Then "All Products fetched Successfully" message is returned in get all products api response # StepDefinitions.APITest.GetAllProductsAPI.FunctionalityStepDefImpl.messageIsReturnedInGetallProductsApiResponse(java.lang.String)
HTTP/1.1 200 OK
Date: Mon, 06 Jan 2025 04:37:27 GMT
Server: Apache/2.4.52 (Ubuntu)
Content-Security-Policy: default-src 'self';base-uri 'self';block-all-mixed-content;font-src 'self' https: data:;frame-ancestors 'self';img-src 'self' data:;object-src 'none';script-src 'self';script-src-attr 'none';style-src 'self' https: 'unsafe-inline';upgrade-insecure-requests
X-DNS-Prefetch-Control: off
Expect-CT: max-age=0
X-Frame-Options: SAMEORIGIN
Strict-Transport-Security: max-age=15552000; includeSubDomains
X-Download-Options: noopen
X-Content-Type-Options: nosniff
X-Permitted-Cross-Domain-Policies: none
Referrer-Policy: no-referrer
X-XSS-Protection: 0
Access-Control-Allow-Origin: *
Content-Type: application/json; charset=utf-8
Content-Length: 481
ETag: W/"1e1-TUm+HvqAX9TALtoVKR+MOYXKUzY"
Vary: Accept-Encoding
Keep-Alive: timeout=5, max=100
Connection: Keep-Alive

{
    "data": [
        {
            "_id": "6581ca979fd99c85e8ee7faf",
            "productName": "ADIDAS ORIGINAL",
            "productCategory": "household",
            "productSubCategory": "shoes",
            "productPrice": 31500,
            "productDescription": "Adidas shoes for Men",
            "productImage": "https://rahulshettyacademy.com/api/ecom/uploads/productImage_1650649488046.jpg",
            "productRating": "0",
            "productTotalOrders": "0",
            "productStatus": true,
            "productFor": "men",
            "productAddedBy": "admin@gmail.com",
            "__v": 0
        }
    ],
    "count": 1,
    "message": "All Products fetched Successfully"
}
HTTP/1.1 200 OK
Date: Mon, 06 Jan 2025 04:37:27 GMT
Server: Apache/2.4.52 (Ubuntu)
Content-Security-Policy: default-src 'self';base-uri 'self';block-all-mixed-content;font-src 'self' https: data:;frame-ancestors 'self';img-src 'self' data:;object-src 'none';script-src 'self';script-src-attr 'none';style-src 'self' https: 'unsafe-inline';upgrade-insecure-requests
X-DNS-Prefetch-Control: off
Expect-CT: max-age=0
X-Frame-Options: SAMEORIGIN
Strict-Transport-Security: max-age=15552000; includeSubDomains
X-Download-Options: noopen
X-Content-Type-Options: nosniff
X-Permitted-Cross-Domain-Policies: none
Referrer-Policy: no-referrer
X-XSS-Protection: 0
Access-Control-Allow-Origin: *
Content-Type: application/json; charset=utf-8
ETag: W/"1235-pvPjr06Vm3XxDS3ekVPSMc/+rK8"
Vary: Accept-Encoding
Content-Encoding: gzip
Keep-Alive: timeout=5, max=100
Connection: Keep-Alive
Transfer-Encoding: chunked

{
    "data": [
        {
            "_id": "6581ca979fd99c85e8ee7faf",
            "productName": "ADIDAS ORIGINAL",
            "productCategory": "household",
            "productSubCategory": "shoes",
            "productPrice": 31500,
            "productDescription": "Adidas shoes for Men",
            "productImage": "https://rahulshettyacademy.com/api/ecom/uploads/productImage_1650649488046.jpg",
            "productRating": "0",
            "productTotalOrders": "0",
            "productStatus": true,
            "productFor": "men",
            "productAddedBy": "admin@gmail.com",
            "__v": 0
        },
        {
            "_id": "6581cade9fd99c85e8ee7ff5",
            "productName": "IPHONE 13 PRO",
            "productCategory": "electronics",
            "productSubCategory": "mobiles",
            "productPrice": 231500,
            "productDescription": "Latest Apple Iphone13 pro with 200mp front camera",
            "productImage": "https://rahulshettyacademy.com/api/ecom/uploads/productImage_1650649561326.jpg",
            "productRating": "0",
            "productTotalOrders": "0",
            "productStatus": true,
            "productFor": "men",
            "productAddedBy": "admin@gmail.com",
            "__v": 0
        },
        {
            "_id": "6701364cae2afd4c0b90113c",
            "productName": "qwerty",
            "productCategory": "fashion",
            "productSubCategory": "shirts",
            "productPrice": 11500,
            "productDescription": "Addias Originals",
            "productImage": "https://rahulshettyacademy.com/api/ecom/uploads/productImage_1728132684377.jpg",
            "productRating": "0",
            "productTotalOrders": "0",
            "productStatus": true,
            "productFor": "women",
            "productAddedBy": "admin@gmail.com",
            "__v": 0
        },
        {
            "_id": "6755755ce2b5443b1fea9e2e",
            "productName": "Wilhelmine",
            "productCategory": "fashion",
            "productSubCategory": "shirts",
            "productPrice": 106.66,
            "productDescription": "Addias Originals",
            "productImage": "https://rahulshettyacademy.com/api/ecom/uploads/productImage_1733653851968.png",
            "productRating": "0",
            "productTotalOrders": "0",
            "productStatus": true,
            "productFor": "women",
            "productAddedBy": "66b44b0aae2afd4c0b441f37",
            "__v": 0
        },
        {
            "_id": "67558397e2b5443b1feab77b",
            "productName": "Cleo",
            "productCategory": "fashion",
            "productSubCategory": "shirts",
            "productPrice": 386.52,
            "productDescription": "Addias Originals",
            "productImage": "https://rahulshettyacademy.com/api/ecom/uploads/productImage_1733657494362.png",
            "productRating": "0",
            "productTotalOrders": "0",
            "productStatus": true,
            "productFor": "women",
            "productAddedBy": "66b44b0aae2afd4c0b441f37",
            "__v": 0
        },
        {
            "_id": "6755917ce2b5443b1feac8ff",
            "productName": "Reilly",
            "productCategory": "fashion",
            "productSubCategory": "shirts",
            "productPrice": 223.97,
            "productDescription": "Addias Originals",
            "productImage": "https://rahulshettyacademy.com/api/ecom/uploads/productImage_1733661051187.png",
            "productRating": "0",
            "productTotalOrders": "0",
            "productStatus": true,
            "productFor": "women",
            "productAddedBy": "66b44b0aae2afd4c0b441f37",
            "__v": 0
        },
        {
            "_id": "67559f85e2b5443b1fead943",
            "productName": "Annetta",
            "productCategory": "fashion",
            "productSubCategory": "shirts",
            "productPrice": 898.66,
            "productDescription": "Addias Originals",
            "productImage": "https://rahulshettyacademy.com/api/ecom/uploads/productImage_1733664643789.png",
            "productRating": "0",
            "productTotalOrders": "0",
            "productStatus": true,
            "productFor": "women",
            "productAddedBy": "66b44b0aae2afd4c0b441f37",
            "__v": 0
        },
        {
            "_id": "6755e6b8e2b5443b1feb23fa",
            "productName": "Aric",
            "productCategory": "fashion",
            "productSubCategory": "shirts",
            "productPrice": 640.43,
            "productDescription": "Addias Originals",
            "productImage": "https://rahulshettyacademy.com/api/ecom/uploads/productImage_1733682871538.png",
            "productRating": "0",
            "productTotalOrders": "0",
            "productStatus": true,
            "productFor": "women",
            "productAddedBy": "66b44b0aae2afd4c0b441f37",
            "__v": 0
        },
        {
            "_id": "676a631fe2b5443b1f004a20",
            "productName": "Banarsi Saree",
            "productCategory": "Cloths",
            "productSubCategory": "Women Cloths",
            "productPrice": 231500,
            "productDescription": "Latest Design in 2024",
            "productImage": "https://rahulshettyacademy.com/api/ecom/uploads/productImage_1735025439009.jpg",
            "productRating": "0",
            "productTotalOrders": "0",
            "productStatus": true,
            "productFor": "Women",
            "productAddedBy": "admin@gmail.com",
            "__v": 0
        },
        {
            "_id": "676a6619e2b5443b1f004fff",
            "productName": "LG Refrigerator",
            "productCategory": "Fride",
            "productSubCategory": "Electronics",
            "productPrice": 25000,
            "productDescription": "Latest Design in 2024",
            "productImage": "https://rahulshettyacademy.com/api/ecom/uploads/productImage_1735026201323.png",
            "productRating": "0",
            "productTotalOrders": "0",
            "productStatus": true,
            "productFor": "family",
            "productAddedBy": "admin@gmail.com",
            "__v": 0
        },
        {
            "_id": "676a9421e2b5443b1f00a1b2",
            "productName": "LG Refrigerator",
            "productCategory": "Fride",
            "productSubCategory": "Electronics",
            "productPrice": 25000,
            "productDescription": "Latest Design in 2024",
            "productImage": "https://rahulshettyacademy.com/api/ecom/uploads/productImage_1735037985643.png",
            "productRating": "0",
            "productTotalOrders": "0",
            "productStatus": true,
            "productFor": "family",
            "productAddedBy": "admin@gmail.com",
            "__v": 0
        }
    ],
    "count": 11,
    "message": "All Products fetched Successfully"
}
HTTP/1.1 200 OK
Date: Mon, 06 Jan 2025 04:37:27 GMT
Server: Apache/2.4.52 (Ubuntu)
Content-Security-Policy: default-src 'self';base-uri 'self';block-all-mixed-content;font-src 'self' https: data:;frame-ancestors 'self';img-src 'self' data:;object-src 'none';script-src 'self';script-src-attr 'none';style-src 'self' https: 'unsafe-inline';upgrade-insecure-requests
X-DNS-Prefetch-Control: off
Expect-CT: max-age=0
X-Frame-Options: SAMEORIGIN
Strict-Transport-Security: max-age=15552000; includeSubDomains
X-Download-Options: noopen
X-Content-Type-Options: nosniff
X-Permitted-Cross-Domain-Policies: none
Referrer-Policy: no-referrer
X-XSS-Protection: 0
Access-Control-Allow-Origin: *
Content-Type: application/json; charset=utf-8
ETag: W/"1235-pvPjr06Vm3XxDS3ekVPSMc/+rK8"
Vary: Accept-Encoding
Content-Encoding: gzip
Keep-Alive: timeout=5, max=100
Connection: Keep-Alive
Transfer-Encoding: chunked

{
    "data": [
        {
            "_id": "6581ca979fd99c85e8ee7faf",
            "productName": "ADIDAS ORIGINAL",
            "productCategory": "household",
            "productSubCategory": "shoes",
            "productPrice": 31500,
            "productDescription": "Adidas shoes for Men",
            "productImage": "https://rahulshettyacademy.com/api/ecom/uploads/productImage_1650649488046.jpg",
            "productRating": "0",
            "productTotalOrders": "0",
            "productStatus": true,
            "productFor": "men",
            "productAddedBy": "admin@gmail.com",
            "__v": 0
        },
        {
            "_id": "6581cade9fd99c85e8ee7ff5",
            "productName": "IPHONE 13 PRO",
            "productCategory": "electronics",
            "productSubCategory": "mobiles",
            "productPrice": 231500,
            "productDescription": "Latest Apple Iphone13 pro with 200mp front camera",
            "productImage": "https://rahulshettyacademy.com/api/ecom/uploads/productImage_1650649561326.jpg",
            "productRating": "0",
            "productTotalOrders": "0",
            "productStatus": true,
            "productFor": "men",
            "productAddedBy": "admin@gmail.com",
            "__v": 0
        },
        {
            "_id": "6701364cae2afd4c0b90113c",
            "productName": "qwerty",
            "productCategory": "fashion",
            "productSubCategory": "shirts",
            "productPrice": 11500,
            "productDescription": "Addias Originals",
            "productImage": "https://rahulshettyacademy.com/api/ecom/uploads/productImage_1728132684377.jpg",
            "productRating": "0",
            "productTotalOrders": "0",
            "productStatus": true,
            "productFor": "women",
            "productAddedBy": "admin@gmail.com",
            "__v": 0
        },
        {
            "_id": "6755755ce2b5443b1fea9e2e",
            "productName": "Wilhelmine",
            "productCategory": "fashion",
            "productSubCategory": "shirts",
            "productPrice": 106.66,
            "productDescription": "Addias Originals",
            "productImage": "https://rahulshettyacademy.com/api/ecom/uploads/productImage_1733653851968.png",
            "productRating": "0",
            "productTotalOrders": "0",
            "productStatus": true,
            "productFor": "women",
            "productAddedBy": "66b44b0aae2afd4c0b441f37",
            "__v": 0
        },
        {
            "_id": "67558397e2b5443b1feab77b",
            "productName": "Cleo",
            "productCategory": "fashion",
            "productSubCategory": "shirts",
            "productPrice": 386.52,
            "productDescription": "Addias Originals",
            "productImage": "https://rahulshettyacademy.com/api/ecom/uploads/productImage_1733657494362.png",
            "productRating": "0",
            "productTotalOrders": "0",
            "productStatus": true,
            "productFor": "women",
            "productAddedBy": "66b44b0aae2afd4c0b441f37",
            "__v": 0
        },
        {
            "_id": "6755917ce2b5443b1feac8ff",
            "productName": "Reilly",
            "productCategory": "fashion",
            "productSubCategory": "shirts",
            "productPrice": 223.97,
            "productDescription": "Addias Originals",
            "productImage": "https://rahulshettyacademy.com/api/ecom/uploads/productImage_1733661051187.png",
            "productRating": "0",
            "productTotalOrders": "0",
            "productStatus": true,
            "productFor": "women",
            "productAddedBy": "66b44b0aae2afd4c0b441f37",
            "__v": 0
        },
        {
            "_id": "67559f85e2b5443b1fead943",
            "productName": "Annetta",
            "productCategory": "fashion",
            "productSubCategory": "shirts",
            "productPrice": 898.66,
            "productDescription": "Addias Originals",
            "productImage": "https://rahulshettyacademy.com/api/ecom/uploads/productImage_1733664643789.png",
            "productRating": "0",
            "productTotalOrders": "0",
            "productStatus": true,
            "productFor": "women",
            "productAddedBy": "66b44b0aae2afd4c0b441f37",
            "__v": 0
        },
        {
            "_id": "6755e6b8e2b5443b1feb23fa",
            "productName": "Aric",
            "productCategory": "fashion",
            "productSubCategory": "shirts",
            "productPrice": 640.43,
            "productDescription": "Addias Originals",
            "productImage": "https://rahulshettyacademy.com/api/ecom/uploads/productImage_1733682871538.png",
            "productRating": "0",
            "productTotalOrders": "0",
            "productStatus": true,
            "productFor": "women",
            "productAddedBy": "66b44b0aae2afd4c0b441f37",
            "__v": 0
        },
        {
            "_id": "676a631fe2b5443b1f004a20",
            "productName": "Banarsi Saree",
            "productCategory": "Cloths",
            "productSubCategory": "Women Cloths",
            "productPrice": 231500,
            "productDescription": "Latest Design in 2024",
            "productImage": "https://rahulshettyacademy.com/api/ecom/uploads/productImage_1735025439009.jpg",
            "productRating": "0",
            "productTotalOrders": "0",
            "productStatus": true,
            "productFor": "Women",
            "productAddedBy": "admin@gmail.com",
            "__v": 0
        },
        {
            "_id": "676a6619e2b5443b1f004fff",
            "productName": "LG Refrigerator",
            "productCategory": "Fride",
            "productSubCategory": "Electronics",
            "productPrice": 25000,
            "productDescription": "Latest Design in 2024",
            "productImage": "https://rahulshettyacademy.com/api/ecom/uploads/productImage_1735026201323.png",
            "productRating": "0",
            "productTotalOrders": "0",
            "productStatus": true,
            "productFor": "family",
            "productAddedBy": "admin@gmail.com",
            "__v": 0
        },
        {
            "_id": "676a9421e2b5443b1f00a1b2",
            "productName": "LG Refrigerator",
            "productCategory": "Fride",
            "productSubCategory": "Electronics",
            "productPrice": 25000,
            "productDescription": "Latest Design in 2024",
            "productImage": "https://rahulshettyacademy.com/api/ecom/uploads/productImage_1735037985643.png",
            "productRating": "0",
            "productTotalOrders": "0",
            "productStatus": true,
            "productFor": "family",
            "productAddedBy": "admin@gmail.com",
            "__v": 0
        }
    ],
    "count": 11,
    "message": "All Products fetched Successfully"
}
  When User sends get all products api request                                                  # StepDefinitions.APITest.GetAllProductsAPI.FunctionalityStepDefImpl.userSendsGetAllProductsApiReques()
  Then "All Products fetched Successfully" message is returned in get all products api response # StepDefinitions.APITest.GetAllProductsAPI.FunctionalityStepDefImpl.messageIsReturnedInGetallProductsApiResponse(java.lang.String)
  When User sends get all products api request                                                  # StepDefinitions.APITest.GetAllProductsAPI.FunctionalityStepDefImpl.userSendsGetAllProductsApiReques()
  When User sends get all products api request                                                  # StepDefinitions.APITest.GetAllProductsAPI.FunctionalityStepDefImpl.userSendsGetAllProductsApiReques()
  Then "All Products fetched Successfully" message is returned in get all products api response # StepDefinitions.APITest.GetAllProductsAPI.FunctionalityStepDefImpl.messageIsReturnedInGetallProductsApiResponse(java.lang.String)
  Then "All Products fetched Successfully" message is returned in get all products api response # StepDefinitions.APITest.GetAllProductsAPI.FunctionalityStepDefImpl.messageIsReturnedInGetallProductsApiResponse(java.lang.String)
]]></system-out>
    <system-err><![CDATA[SLF4J: Failed to load class "org.slf4j.impl.StaticLoggerBinder".
SLF4J: Defaulting to no-operation (NOP) logger implementation
SLF4J: See http://www.slf4j.org/codes.html#StaticLoggerBinder for further details.
]]></system-err>
  </testcase>
  <testcase name="runScenario[&quot;Forgot Password API with incorrect details&quot;, &quot;Forgot Password API error handling&quot;](3)" classname="TestNGTestRunner" time="4.831"/>
  <testcase name="runScenario[&quot;GetAllProducts API with no authorization token&quot;, &quot;GetAllProducts API functionality&quot;](3)" classname="TestNGTestRunner" time="4.831"/>
  <testcase name="runScenario[&quot;Forgot Password API with wrong end point&quot;, &quot;Forgot Password API error handling&quot;](4)" classname="TestNGTestRunner" time="0.273">
    <system-out><![CDATA[
@FunctionalAPI
Scenario Outline: GetAllProducts API with filters                                               # src/test/java/FeatureFiles/APITest/GetAllProductsAPI/Functionality.feature:23

@FunctionalAPI
Scenario Outline: GetAllProducts API with filters                                               # src/test/java/FeatureFiles/APITest/GetAllProductsAPI/Functionality.feature:21

@FunctionalAPI
Scenario Outline: GetAllProducts API with filters                                               # src/test/java/FeatureFiles/APITest/GetAllProductsAPI/Functionality.feature:22
  Given User provides login information                                                         # StepDefinitions.APITest.GetAllProductsAPI.FunctionalityStepDefImpl.userProvidesLoginInformation()
  Given User provides login information                                                         # StepDefinitions.APITest.GetAllProductsAPI.FunctionalityStepDefImpl.userProvidesLoginInformation()
  Given User provides login information                                                         # StepDefinitions.APITest.GetAllProductsAPI.FunctionalityStepDefImpl.userProvidesLoginInformation()
Request method:	POST
Request URI:	https://rahulshettyacademy.com/api/ecom/auth/login
Proxy:			<none>
Request params:	<none>
Query params:	<none>
Form params:	<none>
Path params:	<none>
Headers:		Accept=*/*
				Content-Type=application/json
Cookies:		<none>
Multiparts:		<none>
Body:
{
    "userEmail": "santhoshsai4517@gmail.com",
    "userPassword": "151Fa04124@4517"
}
Request method:	POST
Request URI:	https://rahulshettyacademy.com/api/ecom/auth/login
Proxy:			<none>
Request params:	<none>
Query params:	<none>
Form params:	<none>
Path params:	<none>
Headers:		Accept=*/*
				Content-Type=application/json
Cookies:		<none>
Multiparts:		<none>
Body:
{
    "userEmail": "santhoshsai4517@gmail.com",
    "userPassword": "151Fa04124@4517"
}
Request method:	POST
Request URI:	https://rahulshettyacademy.com/api/ecom/auth/login
Proxy:			<none>
Request params:	<none>
Query params:	<none>
Form params:	<none>
Path params:	<none>
Headers:		Accept=*/*
				Content-Type=application/json
Cookies:		<none>
Multiparts:		<none>
Body:
{
    "userEmail": "santhoshsai4517@gmail.com",
    "userPassword": "151Fa04124@4517"
}
]]></system-out>
  </testcase>
  <testcase name="runScenario[&quot;Forgot Password API with correct details&quot;, &quot;Forgot Password API functionality&quot;](5)" classname="TestNGTestRunner" time="0.583">
    <failure message="1 expectation failed.&#10;Expected response time was not a value less than &lt;2000L&gt; milliseconds, was 2025 milliseconds (2025 milliseconds)." type="java.lang.AssertionError"><![CDATA[java.lang.AssertionError: 
1 expectation failed.
Expected response time was not a value less than <2000L> milliseconds, was 2025 milliseconds (2025 milliseconds).
	at java.base/jdk.internal.reflect.DirectConstructorHandleAccessor.newInstance(DirectConstructorHandleAccessor.java:62)
	at java.base/java.lang.reflect.Constructor.newInstanceWithCaller(Constructor.java:502)
	at java.base/java.lang.reflect.Constructor.newInstance(Constructor.java:486)
	at org.codehaus.groovy.reflection.CachedConstructor.invoke(CachedConstructor.java:73)
	at org.codehaus.groovy.runtime.callsite.ConstructorSite$ConstructorSiteNoUnwrapNoCoerce.callConstructor(ConstructorSite.java:108)
	at org.codehaus.groovy.runtime.callsite.CallSiteArray.defaultCallConstructor(CallSiteArray.java:57)
	at org.codehaus.groovy.runtime.callsite.AbstractCallSite.callConstructor(AbstractCallSite.java:263)
	at org.codehaus.groovy.runtime.callsite.AbstractCallSite.callConstructor(AbstractCallSite.java:277)
	at io.restassured.internal.ResponseSpecificationImpl$HamcrestAssertionClosure.validate(ResponseSpecificationImpl.groovy:512)
	at io.restassured.internal.ResponseSpecificationImpl$HamcrestAssertionClosure$validate$1.call(Unknown Source)
	at io.restassured.internal.ResponseSpecificationImpl.validate(ResponseSpecificationImpl.groovy:101)
	at io.restassured.internal.ValidatableResponseOptionsImpl.spec(ValidatableResponseOptionsImpl.java:288)
	at StepDefinitions.APITest.ForgotPasswordAPI.FunctionalityStepDefImpl.userSendsForgotPasswordRequest(FunctionalityStepDefImpl.java:41)
	at ✽.User sends forgot password request(file:///C:/Users/santh/Desktop/Ecommerce%20Automation/Selenium/EcommercePractise/src/test/java/FeatureFiles/APITest/ForgotPasswordAPI/Functionality.feature:6)
]]></failure>
    <system-out><![CDATA[
@FunctionalAPI
Scenario Outline: GetAllProducts API with filters                                                                         # src/test/java/FeatureFiles/APITest/GetAllProductsAPI/Functionality.feature:24
  Given User provides login information                                                                                   # StepDefinitions.APITest.GetAllProductsAPI.FunctionalityStepDefImpl.userProvidesLoginInformation()
Request method:	POST
Request URI:	https://rahulshettyacademy.com/api/ecom/auth/login
Proxy:			<none>
Request params:	<none>
Query params:	<none>
Form params:	<none>
Path params:	<none>
Headers:		Accept=*/*
				Content-Type=application/json
Cookies:		<none>
Multiparts:		<none>
Body:
{
    "userEmail": "santhoshsai4517@gmail.com",
    "userPassword": "151Fa04124@4517"
}
HTTP/1.1 200 OK
Date: Mon, 06 Jan 2025 04:37:28 GMT
Server: Apache/2.4.52 (Ubuntu)
Content-Security-Policy: default-src 'self';base-uri 'self';block-all-mixed-content;font-src 'self' https: data:;frame-ancestors 'self';img-src 'self' data:;object-src 'none';script-src 'self';script-src-attr 'none';style-src 'self' https: 'unsafe-inline';upgrade-insecure-requests
X-DNS-Prefetch-Control: off
Expect-CT: max-age=0
X-Frame-Options: SAMEORIGIN
Strict-Transport-Security: max-age=15552000; includeSubDomains
X-Download-Options: noopen
X-Content-Type-Options: nosniff
X-Permitted-Cross-Domain-Policies: none
Referrer-Policy: no-referrer
X-XSS-Protection: 0
Access-Control-Allow-Origin: *
Content-Type: application/json; charset=utf-8
Content-Length: 366
ETag: W/"16e-EHLdmf+fc7clXL1vaJHGRRZvZ+o"
Vary: Accept-Encoding
Keep-Alive: timeout=5, max=100
Connection: Keep-Alive

{
    "token": "eyJhbGciOiJIUzI1NiIsInR5cCI6IkpXVCJ9.eyJfaWQiOiI2NmI0NGIwYWFlMmFmZDRjMGI0NDFmMzciLCJ1c2VyRW1haWwiOiJzYW50aG9zaHNhaTQ1MTdAZ21haWwuY29tIiwidXNlck1vYmlsZSI6OTA2MzUxNzYxNywidXNlclJvbGUiOiJjdXN0b21lciIsImlhdCI6MTczNjEzODI0OCwiZXhwIjoxNzY3Njk1ODQ4fQ.WnIhTofT1SQwyvIFbaiRUrkDO4oEP1uKpLefnW7WE_I",
    "userId": "66b44b0aae2afd4c0b441f37",
    "message": "Login Successfully"
}
  When User sends login api request                                                             # StepDefinitions.APITest.GetAllProductsAPI.FunctionalityStepDefImpl.userSendsLoginApiRequest()
  Then User gets back a token in api response                                                   # StepDefinitions.APITest.GetAllProductsAPI.FunctionalityStepDefImpl.userGetsBackATokenInApiResponse()
  Given User provides      men filter details to get products                                   # StepDefinitions.APITest.GetAllProductsAPI.FunctionalityStepDefImpl.userProvidesNameMinMaxCatSubcatForFilterDetailsToGetProducts(java.lang.String,java.lang.String,java.lang.String,java.lang.String,java.lang.String,java.lang.String)
Request method:	POST
Request URI:	https://rahulshettyacademy.com/api/ecom/product/get-all-products
Proxy:			<none>
Request params:	<none>
Query params:	<none>
Form params:	<none>
Path params:	<none>
Headers:		Authorization=eyJhbGciOiJIUzI1NiIsInR5cCI6IkpXVCJ9.eyJfaWQiOiI2NmI0NGIwYWFlMmFmZDRjMGI0NDFmMzciLCJ1c2VyRW1haWwiOiJzYW50aG9zaHNhaTQ1MTdAZ21haWwuY29tIiwidXNlck1vYmlsZSI6OTA2MzUxNzYxNywidXNlclJvbGUiOiJjdXN0b21lciIsImlhdCI6MTczNjEzODI0OCwiZXhwIjoxNzY3Njk1ODQ4fQ.WnIhTofT1SQwyvIFbaiRUrkDO4oEP1uKpLefnW7WE_I
				Accept=*/*
				Content-Type=application/json
Cookies:		<none>
Multiparts:		<none>
Body:
{
    "productName": "",
    "minPrice": null,
    "maxPrice": null,
    "productCategory": [
        
    ],
    "productSubCategory": [
        
    ],
    "productFor": [
        "men"
    ]
}
]]></system-out>
  </testcase>
  <testcase name="runScenario[&quot;GetAllProducts API with incorrect end point&quot;, &quot;GetAllProducts API functionality&quot;](6)" classname="TestNGTestRunner" time="0.065">
    <system-out><![CDATA[
@FunctionalAPI
Scenario: GetAllProducts API with filters and no products       # src/test/java/FeatureFiles/APITest/GetAllProductsAPI/Functionality.feature:27
  Given User provides login information                         # StepDefinitions.APITest.GetAllProductsAPI.FunctionalityStepDefImpl.userProvidesLoginInformation()
Request method:	POST
Request URI:	https://rahulshettyacademy.com/api/ecom/auth/login
Proxy:			<none>
Request params:	<none>
Query params:	<none>
Form params:	<none>
Path params:	<none>
Headers:		Accept=*/*
				Content-Type=application/json
Cookies:		<none>
Multiparts:		<none>
Body:
{
    "userEmail": "santhoshsai4517@gmail.com",
    "userPassword": "151Fa04124@4517"
}
]]></system-out>
  </testcase>
  <testcase name="runScenario[&quot;GetAllProducts API with filters&quot;, &quot;GetAllProducts API functionality&quot;](7)" classname="TestNGTestRunner" time="0.061">
    <failure message="1 expectation failed.&#10;Expected response time was not a value less than &lt;2000L&gt; milliseconds, was 2190 milliseconds (2190 milliseconds)." type="java.lang.AssertionError"><![CDATA[java.lang.AssertionError: 
1 expectation failed.
Expected response time was not a value less than <2000L> milliseconds, was 2190 milliseconds (2190 milliseconds).
	at java.base/jdk.internal.reflect.DirectConstructorHandleAccessor.newInstance(DirectConstructorHandleAccessor.java:62)
	at java.base/java.lang.reflect.Constructor.newInstanceWithCaller(Constructor.java:502)
	at java.base/java.lang.reflect.Constructor.newInstance(Constructor.java:486)
	at org.codehaus.groovy.reflection.CachedConstructor.invoke(CachedConstructor.java:73)
	at org.codehaus.groovy.runtime.callsite.ConstructorSite$ConstructorSiteNoUnwrapNoCoerce.callConstructor(ConstructorSite.java:108)
	at org.codehaus.groovy.runtime.callsite.AbstractCallSite.callConstructor(AbstractCallSite.java:277)
	at io.restassured.internal.ResponseSpecificationImpl$HamcrestAssertionClosure.validate(ResponseSpecificationImpl.groovy:512)
	at io.restassured.internal.ResponseSpecificationImpl$HamcrestAssertionClosure$validate$1.call(Unknown Source)
	at io.restassured.internal.ResponseSpecificationImpl.validate(ResponseSpecificationImpl.groovy:101)
	at io.restassured.internal.ValidatableResponseOptionsImpl.spec(ValidatableResponseOptionsImpl.java:288)
	at StepDefinitions.APITest.GetAllProductsAPI.FunctionalityStepDefImpl.userSendsLoginApiRequest(FunctionalityStepDefImpl.java:43)
	at ✽.User sends login api request(file:///C:/Users/santh/Desktop/Ecommerce%20Automation/Selenium/EcommercePractise/src/test/java/FeatureFiles/APITest/GetAllProductsAPI/Functionality.feature:5)
]]></failure>
    <system-out><![CDATA[
@ErrorHandlingAPI
Scenario: No auth token is sent in api request                                     # src/test/java/FeatureFiles/APITest/GetProductDetailsAPI/ErrorHandling.feature:11
  Given user has valid credentials                                                 # StepDefinitions.APITest.GetProductDetailsAPI.ErrorHandlingStepDefImpl.userHasValidCredentials()
Request method:	POST
Request URI:	https://rahulshettyacademy.com/api/ecom/auth/login
Proxy:			<none>
Request params:	<none>
Query params:	<none>
Form params:	<none>
Path params:	<none>
Headers:		Accept=*/*
				Content-Type=application/json
Cookies:		<none>
Multiparts:		<none>
Body:
{
    "userEmail": "santhoshsai4517@gmail.com",
    "userPassword": "151Fa04124@4517"
}
HTTP/1.1 200 OK
Date: Mon, 06 Jan 2025 04:37:28 GMT
Server: Apache/2.4.52 (Ubuntu)
Content-Security-Policy: default-src 'self';base-uri 'self';block-all-mixed-content;font-src 'self' https: data:;frame-ancestors 'self';img-src 'self' data:;object-src 'none';script-src 'self';script-src-attr 'none';style-src 'self' https: 'unsafe-inline';upgrade-insecure-requests
X-DNS-Prefetch-Control: off
Expect-CT: max-age=0
X-Frame-Options: SAMEORIGIN
Strict-Transport-Security: max-age=15552000; includeSubDomains
X-Download-Options: noopen
X-Content-Type-Options: nosniff
X-Permitted-Cross-Domain-Policies: none
Referrer-Policy: no-referrer
X-XSS-Protection: 0
Access-Control-Allow-Origin: *
Content-Type: application/json; charset=utf-8
Content-Length: 928
ETag: W/"3a0-EVyx/fz+QIL000y1rc8CNmbsrrU"
Vary: Accept-Encoding
Keep-Alive: timeout=5, max=100
Connection: Keep-Alive

{
    "data": [
        {
            "_id": "6581ca979fd99c85e8ee7faf",
            "productName": "ADIDAS ORIGINAL",
            "productCategory": "household",
            "productSubCategory": "shoes",
            "productPrice": 31500,
            "productDescription": "Adidas shoes for Men",
            "productImage": "https://rahulshettyacademy.com/api/ecom/uploads/productImage_1650649488046.jpg",
            "productRating": "0",
            "productTotalOrders": "0",
            "productStatus": true,
            "productFor": "men",
            "productAddedBy": "admin@gmail.com",
            "__v": 0
        },
        {
            "_id": "6581cade9fd99c85e8ee7ff5",
            "productName": "IPHONE 13 PRO",
            "productCategory": "electronics",
            "productSubCategory": "mobiles",
            "productPrice": 231500,
            "productDescription": "Latest Apple Iphone13 pro with 200mp front camera",
            "productImage": "https://rahulshettyacademy.com/api/ecom/uploads/productImage_1650649561326.jpg",
            "productRating": "0",
            "productTotalOrders": "0",
            "productStatus": true,
            "productFor": "men",
            "productAddedBy": "admin@gmail.com",
            "__v": 0
        }
    ],
    "count": 2,
    "message": "All Products fetched Successfully"
}
  When User sends get all products api request                                                  # StepDefinitions.APITest.GetAllProductsAPI.FunctionalityStepDefImpl.userSendsGetAllProductsApiReques()
  Then "All Products fetched Successfully" message is returned in get all products api response # StepDefinitions.APITest.GetAllProductsAPI.FunctionalityStepDefImpl.messageIsReturnedInGetallProductsApiResponse(java.lang.String)
]]></system-out>
  </testcase>
  <testcase name="runScenario[&quot;GetAllProducts API with filters&quot;, &quot;GetAllProducts API functionality&quot;](9)" classname="TestNGTestRunner" time="1.011">
    <system-out><![CDATA[
@ErrorHandlingAPI
Scenario: No product ID is sent in api request                                 # src/test/java/FeatureFiles/APITest/GetProductDetailsAPI/ErrorHandling.feature:16
  Given user has valid credentials                                             # StepDefinitions.APITest.GetProductDetailsAPI.ErrorHandlingStepDefImpl.userHasValidCredentials()
Request method:	POST
Request URI:	https://rahulshettyacademy.com/api/ecom/auth/login
Proxy:			<none>
Request params:	<none>
Query params:	<none>
Form params:	<none>
Path params:	<none>
Headers:		Accept=*/*
				Content-Type=application/json
Cookies:		<none>
Multiparts:		<none>
Body:
{
    "userEmail": "santhoshsai4517@gmail.com",
    "userPassword": "151Fa04124@4517"
}
HTTP/1.1 200 OK
Date: Mon, 06 Jan 2025 04:37:28 GMT
Server: Apache/2.4.52 (Ubuntu)
Content-Security-Policy: default-src 'self';base-uri 'self';block-all-mixed-content;font-src 'self' https: data:;frame-ancestors 'self';img-src 'self' data:;object-src 'none';script-src 'self';script-src-attr 'none';style-src 'self' https: 'unsafe-inline';upgrade-insecure-requests
X-DNS-Prefetch-Control: off
Expect-CT: max-age=0
X-Frame-Options: SAMEORIGIN
Strict-Transport-Security: max-age=15552000; includeSubDomains
X-Download-Options: noopen
X-Content-Type-Options: nosniff
X-Permitted-Cross-Domain-Policies: none
Referrer-Policy: no-referrer
X-XSS-Protection: 0
Access-Control-Allow-Origin: *
Content-Type: application/json; charset=utf-8
Content-Length: 366
ETag: W/"16e-EHLdmf+fc7clXL1vaJHGRRZvZ+o"
Vary: Accept-Encoding
Keep-Alive: timeout=5, max=100
Connection: Keep-Alive

{
    "token": "eyJhbGciOiJIUzI1NiIsInR5cCI6IkpXVCJ9.eyJfaWQiOiI2NmI0NGIwYWFlMmFmZDRjMGI0NDFmMzciLCJ1c2VyRW1haWwiOiJzYW50aG9zaHNhaTQ1MTdAZ21haWwuY29tIiwidXNlck1vYmlsZSI6OTA2MzUxNzYxNywidXNlclJvbGUiOiJjdXN0b21lciIsImlhdCI6MTczNjEzODI0OCwiZXhwIjoxNzY3Njk1ODQ4fQ.WnIhTofT1SQwyvIFbaiRUrkDO4oEP1uKpLefnW7WE_I",
    "userId": "66b44b0aae2afd4c0b441f37",
    "message": "Login Successfully"
}
  When User sends login api request                                                             # StepDefinitions.APITest.GetAllProductsAPI.FunctionalityStepDefImpl.userSendsLoginApiRequest()
  Then User gets back a token in api response                                                   # StepDefinitions.APITest.GetAllProductsAPI.FunctionalityStepDefImpl.userGetsBackATokenInApiResponse()
  Given User provides     shoes,mobiles  filter details to get products                         # StepDefinitions.APITest.GetAllProductsAPI.FunctionalityStepDefImpl.userProvidesNameMinMaxCatSubcatForFilterDetailsToGetProducts(java.lang.String,java.lang.String,java.lang.String,java.lang.String,java.lang.String,java.lang.String)
Request method:	POST
Request URI:	https://rahulshettyacademy.com/api/ecom/product/get-all-products
Proxy:			<none>
Request params:	<none>
Query params:	<none>
Form params:	<none>
Path params:	<none>
Headers:		Authorization=eyJhbGciOiJIUzI1NiIsInR5cCI6IkpXVCJ9.eyJfaWQiOiI2NmI0NGIwYWFlMmFmZDRjMGI0NDFmMzciLCJ1c2VyRW1haWwiOiJzYW50aG9zaHNhaTQ1MTdAZ21haWwuY29tIiwidXNlck1vYmlsZSI6OTA2MzUxNzYxNywidXNlclJvbGUiOiJjdXN0b21lciIsImlhdCI6MTczNjEzODI0OCwiZXhwIjoxNzY3Njk1ODQ4fQ.WnIhTofT1SQwyvIFbaiRUrkDO4oEP1uKpLefnW7WE_I
				Accept=*/*
				Content-Type=application/json
Cookies:		<none>
Multiparts:		<none>
Body:
{
    "productName": "",
    "minPrice": null,
    "maxPrice": null,
    "productCategory": [
        
    ],
    "productSubCategory": [
        "shoes",
        "mobiles"
    ],
    "productFor": [
        
    ]
}
HTTP/1.1 200 OK
Date: Mon, 06 Jan 2025 04:37:28 GMT
Server: Apache/2.4.52 (Ubuntu)
Content-Security-Policy: default-src 'self';base-uri 'self';block-all-mixed-content;font-src 'self' https: data:;frame-ancestors 'self';img-src 'self' data:;object-src 'none';script-src 'self';script-src-attr 'none';style-src 'self' https: 'unsafe-inline';upgrade-insecure-requests
X-DNS-Prefetch-Control: off
Expect-CT: max-age=0
X-Frame-Options: SAMEORIGIN
Strict-Transport-Security: max-age=15552000; includeSubDomains
X-Download-Options: noopen
X-Content-Type-Options: nosniff
X-Permitted-Cross-Domain-Policies: none
Referrer-Policy: no-referrer
X-XSS-Protection: 0
Access-Control-Allow-Origin: *
Content-Type: application/json; charset=utf-8
Content-Length: 366
ETag: W/"16e-EHLdmf+fc7clXL1vaJHGRRZvZ+o"
Vary: Accept-Encoding
Keep-Alive: timeout=5, max=100
Connection: Keep-Alive

{
    "token": "eyJhbGciOiJIUzI1NiIsInR5cCI6IkpXVCJ9.eyJfaWQiOiI2NmI0NGIwYWFlMmFmZDRjMGI0NDFmMzciLCJ1c2VyRW1haWwiOiJzYW50aG9zaHNhaTQ1MTdAZ21haWwuY29tIiwidXNlck1vYmlsZSI6OTA2MzUxNzYxNywidXNlclJvbGUiOiJjdXN0b21lciIsImlhdCI6MTczNjEzODI0OCwiZXhwIjoxNzY3Njk1ODQ4fQ.WnIhTofT1SQwyvIFbaiRUrkDO4oEP1uKpLefnW7WE_I",
    "userId": "66b44b0aae2afd4c0b441f37",
    "message": "Login Successfully"
}
  When User sends login api request                                                             # StepDefinitions.APITest.GetAllProductsAPI.FunctionalityStepDefImpl.userSendsLoginApiRequest()
  Then User gets back a token in api response                                                   # StepDefinitions.APITest.GetAllProductsAPI.FunctionalityStepDefImpl.userGetsBackATokenInApiResponse()
  Given User provides    fashion,electronics   filter details to get products                   # StepDefinitions.APITest.GetAllProductsAPI.FunctionalityStepDefImpl.userProvidesNameMinMaxCatSubcatForFilterDetailsToGetProducts(java.lang.String,java.lang.String,java.lang.String,java.lang.String,java.lang.String,java.lang.String)
Request method:	POST
Request URI:	https://rahulshettyacademy.com/api/ecom/product/get-all-products
Proxy:			<none>
Request params:	<none>
Query params:	<none>
Form params:	<none>
Path params:	<none>
Headers:		Authorization=eyJhbGciOiJIUzI1NiIsInR5cCI6IkpXVCJ9.eyJfaWQiOiI2NmI0NGIwYWFlMmFmZDRjMGI0NDFmMzciLCJ1c2VyRW1haWwiOiJzYW50aG9zaHNhaTQ1MTdAZ21haWwuY29tIiwidXNlck1vYmlsZSI6OTA2MzUxNzYxNywidXNlclJvbGUiOiJjdXN0b21lciIsImlhdCI6MTczNjEzODI0OCwiZXhwIjoxNzY3Njk1ODQ4fQ.WnIhTofT1SQwyvIFbaiRUrkDO4oEP1uKpLefnW7WE_I
				Accept=*/*
				Content-Type=application/json
Cookies:		<none>
Multiparts:		<none>
Body:
{
    "productName": "",
    "minPrice": null,
    "maxPrice": null,
    "productCategory": [
        "fashion",
        "electronics"
    ],
    "productSubCategory": [
        
    ],
    "productFor": [
        
    ]
}
HTTP/1.1 200 OK
Date: Mon, 06 Jan 2025 04:37:28 GMT
Server: Apache/2.4.52 (Ubuntu)
Content-Security-Policy: default-src 'self';base-uri 'self';block-all-mixed-content;font-src 'self' https: data:;frame-ancestors 'self';img-src 'self' data:;object-src 'none';script-src 'self';script-src-attr 'none';style-src 'self' https: 'unsafe-inline';upgrade-insecure-requests
X-DNS-Prefetch-Control: off
Expect-CT: max-age=0
X-Frame-Options: SAMEORIGIN
Strict-Transport-Security: max-age=15552000; includeSubDomains
X-Download-Options: noopen
X-Content-Type-Options: nosniff
X-Permitted-Cross-Domain-Policies: none
Referrer-Policy: no-referrer
X-XSS-Protection: 0
Access-Control-Allow-Origin: *
Content-Type: application/json; charset=utf-8
Content-Length: 366
ETag: W/"16e-EHLdmf+fc7clXL1vaJHGRRZvZ+o"
Vary: Accept-Encoding
Keep-Alive: timeout=5, max=100
Connection: Keep-Alive

{
    "token": "eyJhbGciOiJIUzI1NiIsInR5cCI6IkpXVCJ9.eyJfaWQiOiI2NmI0NGIwYWFlMmFmZDRjMGI0NDFmMzciLCJ1c2VyRW1haWwiOiJzYW50aG9zaHNhaTQ1MTdAZ21haWwuY29tIiwidXNlck1vYmlsZSI6OTA2MzUxNzYxNywidXNlclJvbGUiOiJjdXN0b21lciIsImlhdCI6MTczNjEzODI0OCwiZXhwIjoxNzY3Njk1ODQ4fQ.WnIhTofT1SQwyvIFbaiRUrkDO4oEP1uKpLefnW7WE_I",
    "userId": "66b44b0aae2afd4c0b441f37",
    "message": "Login Successfully"
}
  When User sends login api request                                                                                       # StepDefinitions.APITest.GetAllProductsAPI.FunctionalityStepDefImpl.userSendsLoginApiRequest()
  Then User gets back a token in api response                                                                             # StepDefinitions.APITest.GetAllProductsAPI.FunctionalityStepDefImpl.userGetsBackATokenInApiResponse()
  Given User provides ADIDAS 10000 3000000 fashion,electronics,household shoes,mobiles men filter details to get products # StepDefinitions.APITest.GetAllProductsAPI.FunctionalityStepDefImpl.userProvidesNameMinMaxCatSubcatForFilterDetailsToGetProducts(java.lang.String,java.lang.String,java.lang.String,java.lang.String,java.lang.String,java.lang.String)
Request method:	POST
Request URI:	https://rahulshettyacademy.com/api/ecom/product/get-all-products
Proxy:			<none>
Request params:	<none>
Query params:	<none>
Form params:	<none>
Path params:	<none>
Headers:		Authorization=eyJhbGciOiJIUzI1NiIsInR5cCI6IkpXVCJ9.eyJfaWQiOiI2NmI0NGIwYWFlMmFmZDRjMGI0NDFmMzciLCJ1c2VyRW1haWwiOiJzYW50aG9zaHNhaTQ1MTdAZ21haWwuY29tIiwidXNlck1vYmlsZSI6OTA2MzUxNzYxNywidXNlclJvbGUiOiJjdXN0b21lciIsImlhdCI6MTczNjEzODI0OCwiZXhwIjoxNzY3Njk1ODQ4fQ.WnIhTofT1SQwyvIFbaiRUrkDO4oEP1uKpLefnW7WE_I
				Accept=*/*
				Content-Type=application/json
Cookies:		<none>
Multiparts:		<none>
Body:
{
    "productName": "ADIDAS",
    "minPrice": 10000,
    "maxPrice": 3000000,
    "productCategory": [
        "fashion",
        "electronics",
        "household"
    ],
    "productSubCategory": [
        "shoes",
        "mobiles"
    ],
    "productFor": [
        "men"
    ]
}
HTTP/1.1 200 OK
Date: Mon, 06 Jan 2025 04:37:28 GMT
Server: Apache/2.4.52 (Ubuntu)
Content-Security-Policy: default-src 'self';base-uri 'self';block-all-mixed-content;font-src 'self' https: data:;frame-ancestors 'self';img-src 'self' data:;object-src 'none';script-src 'self';script-src-attr 'none';style-src 'self' https: 'unsafe-inline';upgrade-insecure-requests
X-DNS-Prefetch-Control: off
Expect-CT: max-age=0
X-Frame-Options: SAMEORIGIN
Strict-Transport-Security: max-age=15552000; includeSubDomains
X-Download-Options: noopen
X-Content-Type-Options: nosniff
X-Permitted-Cross-Domain-Policies: none
Referrer-Policy: no-referrer
X-XSS-Protection: 0
Access-Control-Allow-Origin: *
Content-Type: application/json; charset=utf-8
Content-Length: 366
ETag: W/"16e-EHLdmf+fc7clXL1vaJHGRRZvZ+o"
Vary: Accept-Encoding
Keep-Alive: timeout=5, max=100
Connection: Keep-Alive

{
    "token": "eyJhbGciOiJIUzI1NiIsInR5cCI6IkpXVCJ9.eyJfaWQiOiI2NmI0NGIwYWFlMmFmZDRjMGI0NDFmMzciLCJ1c2VyRW1haWwiOiJzYW50aG9zaHNhaTQ1MTdAZ21haWwuY29tIiwidXNlck1vYmlsZSI6OTA2MzUxNzYxNywidXNlclJvbGUiOiJjdXN0b21lciIsImlhdCI6MTczNjEzODI0OCwiZXhwIjoxNzY3Njk1ODQ4fQ.WnIhTofT1SQwyvIFbaiRUrkDO4oEP1uKpLefnW7WE_I",
    "userId": "66b44b0aae2afd4c0b441f37",
    "message": "Login Successfully"
}
  When User sends login api request                             # StepDefinitions.APITest.GetAllProductsAPI.FunctionalityStepDefImpl.userSendsLoginApiRequest()
  Then User gets back a token in api response                   # StepDefinitions.APITest.GetAllProductsAPI.FunctionalityStepDefImpl.userGetsBackATokenInApiResponse()
  Given User provides tshirt filter                             # StepDefinitions.APITest.GetAllProductsAPI.FunctionalityStepDefImpl.userProvidesTshirtFilter()
Request method:	POST
Request URI:	https://rahulshettyacademy.com/api/ecom/product/get-all-products
Proxy:			<none>
Request params:	<none>
Query params:	<none>
Form params:	<none>
Path params:	<none>
Headers:		Authorization=eyJhbGciOiJIUzI1NiIsInR5cCI6IkpXVCJ9.eyJfaWQiOiI2NmI0NGIwYWFlMmFmZDRjMGI0NDFmMzciLCJ1c2VyRW1haWwiOiJzYW50aG9zaHNhaTQ1MTdAZ21haWwuY29tIiwidXNlck1vYmlsZSI6OTA2MzUxNzYxNywidXNlclJvbGUiOiJjdXN0b21lciIsImlhdCI6MTczNjEzODI0OCwiZXhwIjoxNzY3Njk1ODQ4fQ.WnIhTofT1SQwyvIFbaiRUrkDO4oEP1uKpLefnW7WE_I
				Accept=*/*
				Content-Type=application/json
Cookies:		<none>
Multiparts:		<none>
Body:
{
    "productName": "",
    "minPrice": null,
    "maxPrice": null,
    "productCategory": [
        
    ],
    "productSubCategory": [
        "t-shirts"
    ],
    "productFor": [
        
    ]
}
HTTP/1.1 200 OK
Date: Mon, 06 Jan 2025 04:37:29 GMT
Server: Apache/2.4.52 (Ubuntu)
Content-Security-Policy: default-src 'self';base-uri 'self';block-all-mixed-content;font-src 'self' https: data:;frame-ancestors 'self';img-src 'self' data:;object-src 'none';script-src 'self';script-src-attr 'none';style-src 'self' https: 'unsafe-inline';upgrade-insecure-requests
X-DNS-Prefetch-Control: off
Expect-CT: max-age=0
X-Frame-Options: SAMEORIGIN
Strict-Transport-Security: max-age=15552000; includeSubDomains
X-Download-Options: noopen
X-Content-Type-Options: nosniff
X-Permitted-Cross-Domain-Policies: none
Referrer-Policy: no-referrer
X-XSS-Protection: 0
Access-Control-Allow-Origin: *
Content-Type: application/json; charset=utf-8
Content-Length: 481
ETag: W/"1e1-TUm+HvqAX9TALtoVKR+MOYXKUzY"
Vary: Accept-Encoding
Keep-Alive: timeout=5, max=100
Connection: Keep-Alive

{
    "data": [
        {
            "_id": "6581ca979fd99c85e8ee7faf",
            "productName": "ADIDAS ORIGINAL",
            "productCategory": "household",
            "productSubCategory": "shoes",
            "productPrice": 31500,
            "productDescription": "Adidas shoes for Men",
            "productImage": "https://rahulshettyacademy.com/api/ecom/uploads/productImage_1650649488046.jpg",
            "productRating": "0",
            "productTotalOrders": "0",
            "productStatus": true,
            "productFor": "men",
            "productAddedBy": "admin@gmail.com",
            "__v": 0
        }
    ],
    "count": 1,
    "message": "All Products fetched Successfully"
}
  When User sends get all products api request                                                                            # StepDefinitions.APITest.GetAllProductsAPI.FunctionalityStepDefImpl.userSendsGetAllProductsApiReques()
  Then "All Products fetched Successfully" message is returned in get all products api response                           # StepDefinitions.APITest.GetAllProductsAPI.FunctionalityStepDefImpl.messageIsReturnedInGetallProductsApiResponse(java.lang.String)
HTTP/1.1 200 OK
Date: Mon, 06 Jan 2025 04:37:29 GMT
Server: Apache/2.4.52 (Ubuntu)
Content-Security-Policy: default-src 'self';base-uri 'self';block-all-mixed-content;font-src 'self' https: data:;frame-ancestors 'self';img-src 'self' data:;object-src 'none';script-src 'self';script-src-attr 'none';style-src 'self' https: 'unsafe-inline';upgrade-insecure-requests
X-DNS-Prefetch-Control: off
Expect-CT: max-age=0
X-Frame-Options: SAMEORIGIN
Strict-Transport-Security: max-age=15552000; includeSubDomains
X-Download-Options: noopen
X-Content-Type-Options: nosniff
X-Permitted-Cross-Domain-Policies: none
Referrer-Policy: no-referrer
X-XSS-Protection: 0
Access-Control-Allow-Origin: *
Content-Type: application/json; charset=utf-8
Content-Length: 41
ETag: W/"29-M5+8jIjTllwIaiTMLAm5CI8docA"
Vary: Accept-Encoding
Keep-Alive: timeout=5, max=100
Connection: Keep-Alive

{
    "data": [
        
    ],
    "message": "No Products Found"
}
  When User sends get products api request                      # StepDefinitions.APITest.GetAllProductsAPI.FunctionalityStepDefImpl.userSendsGetProductsApiRequest()
  Then "No Products Found" message is returned wiht no products # StepDefinitions.APITest.GetAllProductsAPI.FunctionalityStepDefImpl.messageIsReturnedWihtNoProducts(java.lang.String)
HTTP/1.1 200 OK
Date: Mon, 06 Jan 2025 04:37:29 GMT
Server: Apache/2.4.52 (Ubuntu)
Content-Security-Policy: default-src 'self';base-uri 'self';block-all-mixed-content;font-src 'self' https: data:;frame-ancestors 'self';img-src 'self' data:;object-src 'none';script-src 'self';script-src-attr 'none';style-src 'self' https: 'unsafe-inline';upgrade-insecure-requests
X-DNS-Prefetch-Control: off
Expect-CT: max-age=0
X-Frame-Options: SAMEORIGIN
Strict-Transport-Security: max-age=15552000; includeSubDomains
X-Download-Options: noopen
X-Content-Type-Options: nosniff
X-Permitted-Cross-Domain-Policies: none
Referrer-Policy: no-referrer
X-XSS-Protection: 0
Access-Control-Allow-Origin: *
Content-Type: application/json; charset=utf-8
ETag: W/"ba6-3d76KMe0mR3Dnl70y00S3zoP06E"
Vary: Accept-Encoding
Content-Encoding: gzip
Keep-Alive: timeout=5, max=100
Connection: Keep-Alive
Transfer-Encoding: chunked

{
    "data": [
        {
            "_id": "6581cade9fd99c85e8ee7ff5",
            "productName": "IPHONE 13 PRO",
            "productCategory": "electronics",
            "productSubCategory": "mobiles",
            "productPrice": 231500,
            "productDescription": "Latest Apple Iphone13 pro with 200mp front camera",
            "productImage": "https://rahulshettyacademy.com/api/ecom/uploads/productImage_1650649561326.jpg",
            "productRating": "0",
            "productTotalOrders": "0",
            "productStatus": true,
            "productFor": "men",
[...]
	at org.testng.Assert.fail(Assert.java:111)
	at org.testng.Assert.failNotEquals(Assert.java:1578)
	at org.testng.Assert.assertEqualsImpl(Assert.java:150)
	at org.testng.Assert.assertEquals(Assert.java:132)
	at org.testng.Assert.assertEquals(Assert.java:656)
	at org.testng.Assert.assertEquals(Assert.java:666)
	at StepDefinitions.UITest.ProductsPage.FunctionalityStepDefImpl.message_is_displayed_and_product_is_added_to_cart(FunctionalityStepDefImpl.java:232)
	at ✽."Product Added To Cart" message is displayed and product is added to cart(file:///C:/Users/santh/Desktop/Ecommerce%20Automation/Selenium/EcommercePractise/src/test/java/FeatureFiles/UITest/ProductsPage/Functionality.feature:36)
]]></failure>
    <system-err><![CDATA[Jan 06, 2025 10:11:01 AM org.openqa.selenium.remote.http.WebSocket$Listener onError
WARNING: Connection reset
java.net.SocketException: Connection reset
	at java.base/sun.nio.ch.SocketChannelImpl.throwConnectionReset(SocketChannelImpl.java:401)
	at java.base/sun.nio.ch.SocketChannelImpl.read(SocketChannelImpl.java:434)
	at java.net.http/jdk.internal.net.http.SocketTube.readAvailable(SocketTube.java:1178)
	at java.net.http/jdk.internal.net.http.SocketTube$InternalReadPublisher$InternalReadSubscription.read(SocketTube.java:841)
	at java.net.http/jdk.internal.net.http.SocketTube$SocketFlowTask.run(SocketTube.java:181)
	at java.net.http/jdk.internal.net.http.common.SequentialScheduler$SchedulableTask.run(SequentialScheduler.java:207)
	at java.net.http/jdk.internal.net.http.common.SequentialScheduler.runOrSchedule(SequentialScheduler.java:280)
	at java.net.http/jdk.internal.net.http.common.SequentialScheduler.runOrSchedule(SequentialScheduler.java:233)
	at java.net.http/jdk.internal.net.http.SocketTube$InternalReadPublisher$InternalReadSubscription.signalReadable(SocketTube.java:782)
	at java.net.http/jdk.internal.net.http.SocketTube$InternalReadPublisher$ReadEvent.signalEvent(SocketTube.java:965)
	at java.net.http/jdk.internal.net.http.SocketTube$SocketFlowEvent.handle(SocketTube.java:253)
	at java.net.http/jdk.internal.net.http.HttpClientImpl$SelectorManager.handleEvent(HttpClientImpl.java:1469)
	at java.net.http/jdk.internal.net.http.HttpClientImpl$SelectorManager.lambda$run$3(HttpClientImpl.java:1414)
	at java.base/java.util.ArrayList.forEach(ArrayList.java:1596)
	at java.net.http/jdk.internal.net.http.HttpClientImpl$SelectorManager.run(HttpClientImpl.java:1414)

]]></system-err>
  </testcase>
  <testcase name="runScenario[&quot;User provides all correct details and user is registered successfully&quot;, &quot;Register page functionality&quot;](145)" classname="TestNGTestRunner" time="18.953">
    <failure message="Expected condition failed: waiting for visibility of Proxy element for: DefaultElementLocator &apos;By.xpath: //h1[normalize-space()=&apos;Account Created Successfully&apos;]&apos; (tried for 5 second(s) with 500 milliseconds interval)" type="org.openqa.selenium.TimeoutException"><![CDATA[org.openqa.selenium.TimeoutException: Expected condition failed: waiting for visibility of Proxy element for: DefaultElementLocator 'By.xpath: //h1[normalize-space()='Account Created Successfully']' (tried for 5 second(s) with 500 milliseconds interval)
	at org.openqa.selenium.support.ui.WebDriverWait.timeoutException(WebDriverWait.java:84)
	at org.openqa.selenium.support.ui.FluentWait.until(FluentWait.java:228)
	at Util.Utility.waitForWebElementToAppear(Utility.java:32)
	at PageObjects.RegisterPage.getSuccessMessage(RegisterPage.java:174)
	at StepDefinitions.UITest.RegisterPage.FunctionalityStepDefImpl.user_provied_correct_details(FunctionalityStepDefImpl.java:78)
	at ✽.User provied santhosh sai wstfvfmvbhbjhfg@gmail.com 1234567890 Student Male 151Fa04124@4517 151Fa04124@4517 true and submits form with correct details(file:///C:/Users/santh/Desktop/Ecommerce%20Automation/Selenium/EcommercePractise/src/test/java/FeatureFiles/UITest/RegisterPage/Functionality.feature:12)
Caused by: org.openqa.selenium.NoSuchElementException: no such element: Unable to locate element: {"method":"xpath","selector":"//h1[normalize-space()='Account Created Successfully']"}
  (Session info: chrome=130.0.6723.70)
For documentation on this error, please visit: https://www.selenium.dev/documentation/webdriver/troubleshooting/errors#no-such-element-exception
Build info: version: '4.23.0', revision: '4df0a231af'
System info: os.name: 'Windows 11', os.arch: 'amd64', os.version: '10.0', java.version: '21.0.5'
Driver info: org.openqa.selenium.chrome.ChromeDriver
Command: [598740e4a115c001310671722b0e7683, findElement {value=//h1[normalize-space()='Account Created Successfully'], using=xpath}]
Capabilities {acceptInsecureCerts: false, browserName: chrome, browserVersion: 130.0.6723.70, chrome: {chromedriverVersion: 130.0.6723.116 (6ac35f94ae3..., userDataDir: C:\Users\santh\AppData\Loca...}, fedcm:accounts: true, goog:chromeOptions: {debuggerAddress: localhost:56710}, networkConnectionEnabled: false, pageLoadStrategy: normal, platformName: windows, proxy: Proxy(), se:cdp: ws://localhost:56710/devtoo..., se:cdpVersion: 130.0.6723.70, setWindowRect: true, strictFileInteractability: false, timeouts: {implicit: 0, pageLoad: 300000, script: 30000}, unhandledPromptBehavior: dismiss and notify, webauthn:extension:credBlob: true, webauthn:extension:largeBlob: true, webauthn:extension:minPinLength: true, webauthn:extension:prf: true, webauthn:virtualAuthenticators: true}
Session ID: 598740e4a115c001310671722b0e7683
	at java.base/jdk.internal.reflect.DirectConstructorHandleAccessor.newInstance(DirectConstructorHandleAccessor.java:62)
	at java.base/java.lang.reflect.Constructor.newInstanceWithCaller(Constructor.java:502)
	at java.base/java.lang.reflect.Constructor.newInstance(Constructor.java:486)
	at org.openqa.selenium.remote.ErrorCodec.decode(ErrorCodec.java:167)
	at org.openqa.selenium.remote.codec.w3c.W3CHttpResponseCodec.decode(W3CHttpResponseCodec.java:138)
	at org.openqa.selenium.remote.codec.w3c.W3CHttpResponseCodec.decode(W3CHttpResponseCodec.java:50)
	at org.openqa.selenium.remote.HttpCommandExecutor.execute(HttpCommandExecutor.java:190)
	at org.openqa.selenium.remote.service.DriverCommandExecutor.invokeExecute(DriverCommandExecutor.java:216)
	at org.openqa.selenium.remote.service.DriverCommandExecutor.execute(DriverCommandExecutor.java:174)
	at org.openqa.selenium.remote.RemoteWebDriver.execute(RemoteWebDriver.java:527)
	at org.openqa.selenium.remote.ElementLocation$ElementFinder$2.findElement(ElementLocation.java:165)
	at org.openqa.selenium.remote.ElementLocation.findElement(ElementLocation.java:59)
	at org.openqa.selenium.remote.RemoteWebDriver.findElement(RemoteWebDriver.java:357)
	at org.openqa.selenium.remote.RemoteWebDriver.findElement(RemoteWebDriver.java:351)
	at org.openqa.selenium.support.pagefactory.DefaultElementLocator.findElement(DefaultElementLocator.java:68)
	at org.openqa.selenium.support.pagefactory.internal.LocatingElementHandler.invoke(LocatingElementHandler.java:38)
	at jdk.proxy2/jdk.proxy2.$Proxy27.isDisplayed(Unknown Source)
	at org.openqa.selenium.support.ui.ExpectedConditions.elementIfVisible(ExpectedConditions.java:304)
	at org.openqa.selenium.support.ui.ExpectedConditions$10.apply(ExpectedConditions.java:290)
	at org.openqa.selenium.support.ui.ExpectedConditions$10.apply(ExpectedConditions.java:287)
	at org.openqa.selenium.support.ui.FluentWait.until(FluentWait.java:203)
	at Util.Utility.waitForWebElementToAppear(Utility.java:32)
	at PageObjects.RegisterPage.getSuccessMessage(RegisterPage.java:174)
	at StepDefinitions.UITest.RegisterPage.FunctionalityStepDefImpl.user_provied_correct_details(FunctionalityStepDefImpl.java:78)
	at java.base/jdk.internal.reflect.DirectMethodHandleAccessor.invoke(DirectMethodHandleAccessor.java:103)
	at java.base/java.lang.reflect.Method.invoke(Method.java:580)
	at io.cucumber.java.Invoker.doInvoke(Invoker.java:66)
	at io.cucumber.java.Invoker.invoke(Invoker.java:24)
	at io.cucumber.java.AbstractGlueDefinition.invokeMethod(AbstractGlueDefinition.java:47)
	at io.cucumber.java.JavaStepDefinition.execute(JavaStepDefinition.java:29)
	at io.cucumber.core.runner.CoreStepDefinition.execute(CoreStepDefinition.java:66)
	at io.cucumber.core.runner.PickleStepDefinitionMatch.runStep(PickleStepDefinitionMatch.java:63)
	at io.cucumber.core.runner.ExecutionMode$1.execute(ExecutionMode.java:10)
	at io.cucumber.core.runner.TestStep.executeStep(TestStep.java:81)
	at io.cucumber.core.runner.TestStep.run(TestStep.java:53)
	at io.cucumber.core.runner.PickleStepTestStep.run(PickleStepTestStep.java:51)
	at io.cucumber.core.runner.TestCase.run(TestCase.java:84)
	at io.cucumber.core.runner.Runner.runPickle(Runner.java:75)
	at io.cucumber.testng.TestNGCucumberRunner.lambda$runScenario$1(TestNGCucumberRunner.java:132)
	at io.cucumber.core.runtime.CucumberExecutionContext.lambda$runTestCase$5(CucumberExecutionContext.java:136)
	at io.cucumber.core.runtime.RethrowingThrowableCollector.executeAndThrow(RethrowingThrowableCollector.java:23)
	at io.cucumber.core.runtime.CucumberExecutionContext.runTestCase(CucumberExecutionContext.java:136)
	at io.cucumber.testng.TestNGCucumberRunner.runScenario(TestNGCucumberRunner.java:129)
	at io.cucumber.testng.AbstractTestNGCucumberTests.runScenario(AbstractTestNGCucumberTests.java:35)
	at java.base/jdk.internal.reflect.DirectMethodHandleAccessor.invoke(DirectMethodHandleAccessor.java:103)
	at java.base/java.lang.reflect.Method.invoke(Method.java:580)
	at org.testng.internal.invokers.MethodInvocationHelper.invokeMethod(MethodInvocationHelper.java:141)
	at org.testng.internal.invokers.TestInvoker.invokeMethod(TestInvoker.java:686)
	at org.testng.internal.invokers.TestInvoker.invokeTestMethod(TestInvoker.java:230)
	at org.testng.internal.invokers.TestMethodWithDataProviderMethodWorker.call(TestMethodWithDataProviderMethodWorker.java:81)
	at org.testng.internal.thread.Async$AsyncTask.run(Async.java:34)
	at java.base/java.util.concurrent.ThreadPoolExecutor.runWorker(ThreadPoolExecutor.java:1144)
	at java.base/java.util.concurrent.ThreadPoolExecutor$Worker.run(ThreadPoolExecutor.java:642)
	at java.base/java.lang.Thread.run(Thread.java:1583)
]]></failure>
    <system-out><![CDATA[  When User provied santhosh sai wstfvfmvbhbjhfg@gmail.com 1234567890 Student Male 151Fa04124@4517 151Fa04124@4517 true and submits form with correct details # StepDefinitions.UITest.RegisterPage.FunctionalityStepDefImpl.user_provied_correct_details(java.lang.String,java.lang.String,java.lang.String,java.lang.String,java.lang.String,java.lang.String,java.lang.String,java.lang.String,boolean)
      org.openqa.selenium.TimeoutException: Expected condition failed: waiting for visibility of Proxy element for: DefaultElementLocator 'By.xpath: //h1[normalize-space()='Account Created Successfully']' (tried for 5 second(s) with 500 milliseconds interval)
	at org.openqa.selenium.support.ui.WebDriverWait.timeoutException(WebDriverWait.java:84)
	at org.openqa.selenium.support.ui.FluentWait.until(FluentWait.java:228)
	at Util.Utility.waitForWebElementToAppear(Utility.java:32)
	at PageObjects.RegisterPage.getSuccessMessage(RegisterPage.java:174)
	at StepDefinitions.UITest.RegisterPage.FunctionalityStepDefImpl.user_provied_correct_details(FunctionalityStepDefImpl.java:78)
	at ✽.User provied santhosh sai wstfvfmvbhbjhfg@gmail.com 1234567890 Student Male 151Fa04124@4517 151Fa04124@4517 true and submits form with correct details(file:///C:/Users/santh/Desktop/Ecommerce%20Automation/Selenium/EcommercePractise/src/test/java/FeatureFiles/UITest/RegisterPage/Functionality.feature:12)
Caused by: org.openqa.selenium.NoSuchElementException: no such element: Unable to locate element: {"method":"xpath","selector":"//h1[normalize-space()='Account Created Successfully']"}
  (Session info: chrome=130.0.6723.70)
For documentation on this error, please visit: https://www.selenium.dev/documentation/webdriver/troubleshooting/errors#no-such-element-exception
Build info: version: '4.23.0', revision: '4df0a231af'
System info: os.name: 'Windows 11', os.arch: 'amd64', os.version: '10.0', java.version: '21.0.5'
Driver info: org.openqa.selenium.chrome.ChromeDriver
Command: [598740e4a115c001310671722b0e7683, findElement {value=//h1[normalize-space()='Account Created Successfully'], using=xpath}]
Capabilities {acceptInsecureCerts: false, browserName: chrome, browserVersion: 130.0.6723.70, chrome: {chromedriverVersion: 130.0.6723.116 (6ac35f94ae3..., userDataDir: C:\Users\santh\AppData\Loca...}, fedcm:accounts: true, goog:chromeOptions: {debuggerAddress: localhost:56710}, networkConnectionEnabled: false, pageLoadStrategy: normal, platformName: windows, proxy: Proxy(), se:cdp: ws://localhost:56710/devtoo..., se:cdpVersion: 130.0.6723.70, setWindowRect: true, strictFileInteractability: false, timeouts: {implicit: 0, pageLoad: 300000, script: 30000}, unhandledPromptBehavior: dismiss and notify, webauthn:extension:credBlob: true, webauthn:extension:largeBlob: true, webauthn:extension:minPinLength: true, webauthn:extension:prf: true, webauthn:virtualAuthenticators: true}
Session ID: 598740e4a115c001310671722b0e7683
	at java.base/jdk.internal.reflect.DirectConstructorHandleAccessor.newInstance(DirectConstructorHandleAccessor.java:62)
	at java.base/java.lang.reflect.Constructor.newInstanceWithCaller(Constructor.java:502)
	at java.base/java.lang.reflect.Constructor.newInstance(Constructor.java:486)
	at org.openqa.selenium.remote.ErrorCodec.decode(ErrorCodec.java:167)
	at org.openqa.selenium.remote.codec.w3c.W3CHttpResponseCodec.decode(W3CHttpResponseCodec.java:138)
	at org.openqa.selenium.remote.codec.w3c.W3CHttpResponseCodec.decode(W3CHttpResponseCodec.java:50)
	at org.openqa.selenium.remote.HttpCommandExecutor.execute(HttpCommandExecutor.java:190)
	at org.openqa.selenium.remote.service.DriverCommandExecutor.invokeExecute(DriverCommandExecutor.java:216)
	at org.openqa.selenium.remote.service.DriverCommandExecutor.execute(DriverCommandExecutor.java:174)
	at org.openqa.selenium.remote.RemoteWebDriver.execute(RemoteWebDriver.java:527)
	at org.openqa.selenium.remote.ElementLocation$ElementFinder$2.findElement(ElementLocation.java:165)
	at org.openqa.selenium.remote.ElementLocation.findElement(ElementLocation.java:59)
	at org.openqa.selenium.remote.RemoteWebDriver.findElement(RemoteWebDriver.java:357)
	at org.openqa.selenium.remote.RemoteWebDriver.findElement(RemoteWebDriver.java:351)
	at org.openqa.selenium.support.pagefactory.DefaultElementLocator.findElement(DefaultElementLocator.java:68)
	at org.openqa.selenium.support.pagefactory.internal.LocatingElementHandler.invoke(LocatingElementHandler.java:38)
	at jdk.proxy2/jdk.proxy2.$Proxy27.isDisplayed(Unknown Source)
	at org.openqa.selenium.support.ui.ExpectedConditions.elementIfVisible(ExpectedConditions.java:304)
	at org.openqa.selenium.support.ui.ExpectedConditions$10.apply(ExpectedConditions.java:290)
	at org.openqa.selenium.support.ui.ExpectedConditions$10.apply(ExpectedConditions.java:287)
	at org.openqa.selenium.support.ui.FluentWait.until(FluentWait.java:203)
	at Util.Utility.waitForWebElementToAppear(Utility.java:32)
	at PageObjects.RegisterPage.getSuccessMessage(RegisterPage.java:174)
	at StepDefinitions.UITest.RegisterPage.FunctionalityStepDefImpl.user_provied_correct_details(FunctionalityStepDefImpl.java:78)
	at java.base/jdk.internal.reflect.DirectMethodHandleAccessor.invoke(DirectMethodHandleAccessor.java:103)
	at java.base/java.lang.reflect.Method.invoke(Method.java:580)
	at io.cucumber.java.Invoker.doInvoke(Invoker.java:66)
	at io.cucumber.java.Invoker.invoke(Invoker.java:24)
	at io.cucumber.java.AbstractGlueDefinition.invokeMethod(AbstractGlueDefinition.java:47)
	at io.cucumber.java.JavaStepDefinition.execute(JavaStepDefinition.java:29)
	at io.cucumber.core.runner.CoreStepDefinition.execute(CoreStepDefinition.java:66)
	at io.cucumber.core.runner.PickleStepDefinitionMatch.runStep(PickleStepDefinitionMatch.java:63)
	at io.cucumber.core.runner.ExecutionMode$1.execute(ExecutionMode.java:10)
	at io.cucumber.core.runner.TestStep.executeStep(TestStep.java:81)
	at io.cucumber.core.runner.TestStep.run(TestStep.java:53)
	at io.cucumber.core.runner.PickleStepTestStep.run(PickleStepTestStep.java:51)
	at io.cucumber.core.runner.TestCase.run(TestCase.java:84)
	at io.cucumber.core.runner.Runner.runPickle(Runner.java:75)
	at io.cucumber.testng.TestNGCucumberRunner.lambda$runScenario$1(TestNGCucumberRunner.java:132)
	at io.cucumber.core.runtime.CucumberExecutionContext.lambda$runTestCase$5(CucumberExecutionContext.java:136)
	at io.cucumber.core.runtime.RethrowingThrowableCollector.executeAndThrow(RethrowingThrowableCollector.java:23)
	at io.cucumber.core.runtime.CucumberExecutionContext.runTestCase(CucumberExecutionContext.java:136)
	at io.cucumber.testng.TestNGCucumberRunner.runScenario(TestNGCucumberRunner.java:129)
	at io.cucumber.testng.AbstractTestNGCucumberTests.runScenario(AbstractTestNGCucumberTests.java:35)
	at java.base/jdk.internal.reflect.DirectMethodHandleAccessor.invoke(DirectMethodHandleAccessor.java:103)
	at java.base/java.lang.reflect.Method.invoke(Method.java:580)
	at org.testng.internal.invokers.MethodInvocationHelper.invokeMethod(MethodInvocationHelper.java:141)
	at org.testng.internal.invokers.TestInvoker.invokeMethod(TestInvoker.java:686)
	at org.testng.internal.invokers.TestInvoker.invokeTestMethod(TestInvoker.java:230)
	at org.testng.internal.invokers.TestMethodWithDataProviderMethodWorker.call(TestMethodWithDataProviderMethodWorker.java:81)
	at org.testng.internal.thread.Async$AsyncTask.run(Async.java:34)
	at java.base/java.util.concurrent.ThreadPoolExecutor.runWorker(ThreadPoolExecutor.java:1144)
	at java.base/java.util.concurrent.ThreadPoolExecutor$Worker.run(ThreadPoolExecutor.java:642)
	at java.base/java.lang.Thread.run(Thread.java:1583)

  Then "Account Created Successfully" accoun created message is displayed                                                                                     # StepDefinitions.UITest.RegisterPage.FunctionalityStepDefImpl.accoun_created_message_is_displayed(java.lang.String)
]]></system-out>
    <system-err><![CDATA[Jan 06, 2025 10:11:10 AM org.openqa.selenium.remote.http.WebSocket$Listener onError
WARNING: Connection reset
java.net.SocketException: Connection reset
	at java.base/sun.nio.ch.SocketChannelImpl.throwConnectionReset(SocketChannelImpl.java:401)
	at java.base/sun.nio.ch.SocketChannelImpl.read(SocketChannelImpl.java:434)
	at java.net.http/jdk.internal.net.http.SocketTube.readAvailable(SocketTube.java:1178)
	at java.net.http/jdk.internal.net.http.SocketTube$InternalReadPublisher$InternalReadSubscription.read(SocketTube.java:841)
	at java.net.http/jdk.internal.net.http.SocketTube$SocketFlowTask.run(SocketTube.java:181)
	at java.net.http/jdk.internal.net.http.common.SequentialScheduler$SchedulableTask.run(SequentialScheduler.java:207)
	at java.net.http/jdk.internal.net.http.common.SequentialScheduler.runOrSchedule(SequentialScheduler.java:280)
	at java.net.http/jdk.internal.net.http.common.SequentialScheduler.runOrSchedule(SequentialScheduler.java:233)
	at java.net.http/jdk.internal.net.http.SocketTube$InternalReadPublisher$InternalReadSubscription.signalReadable(SocketTube.java:782)
	at java.net.http/jdk.internal.net.http.SocketTube$InternalReadPublisher$ReadEvent.signalEvent(SocketTube.java:965)
	at java.net.http/jdk.internal.net.http.SocketTube$SocketFlowEvent.handle(SocketTube.java:253)
	at java.net.http/jdk.internal.net.http.HttpClientImpl$SelectorManager.handleEvent(HttpClientImpl.java:1469)
	at java.net.http/jdk.internal.net.http.HttpClientImpl$SelectorManager.lambda$run$3(HttpClientImpl.java:1414)
	at java.base/java.util.ArrayList.forEach(ArrayList.java:1596)
	at java.net.http/jdk.internal.net.http.HttpClientImpl$SelectorManager.run(HttpClientImpl.java:1414)

]]></system-err>
  </testcase>
</testsuite>