<?xml version="1.0" encoding="UTF-8"?>
<testng-results ignored="0" total="4" passed="4" failed="0" skipped="0">
  <reporter-output>
  </reporter-output>
  <suite started-at="2024-10-24T14:09:44 IST" name="Surefire suite" finished-at="2024-10-24T14:10:01 IST" duration-ms="16897">
    <groups>
      <group name="cucumber">
        <method signature="AbstractTestNGCucumberTests.runScenario(io.cucumber.testng.PickleWrapper,io.cucumber.testng.FeatureWrapper)[pri:0, instance:TestNGTestRunner@4b0b0854]" name="runScenario" class="io.cucumber.testng.AbstractTestNGCucumberTests"/>
      </group> <!-- cucumber -->
    </groups>
    <test started-at="2024-10-24T14:09:44 IST" name="Surefire test" finished-at="2024-10-24T14:10:01 IST" duration-ms="16897">
      <class name="TestNGTestRunner">
        <test-method is-config="true" signature="setUpClass(org.testng.ITestContext)[pri:0, instance:TestNGTestRunner@4b0b0854]" started-at="2024-10-24T14:09:44 IST" name="setUpClass" finished-at="2024-10-24T14:09:45 IST" duration-ms="223" status="PASS">
          <params>
            <param index="0">
              <value>
                <![CDATA[org.testng.TestRunner@2c708440]]>
              </value>
            </param>
          </params>
          <reporter-output>
          </reporter-output>
        </test-method> <!-- setUpClass -->
        <test-method signature="runScenario(io.cucumber.testng.PickleWrapper,io.cucumber.testng.FeatureWrapper)[pri:0, instance:TestNGTestRunner@4b0b0854]" started-at="2024-10-24T14:09:45 IST" name="runScenario" description="Runs Cucumber Scenarios" data-provider="scenarios" finished-at="2024-10-24T14:09:50 IST" duration-ms="5058" status="PASS">
          <params>
            <param index="0">
              <value>
                <![CDATA["Login page functionality"]]>
              </value>
            </param>
            <param index="1">
              <value>
                <![CDATA["Login error handling"]]>
              </value>
            </param>
          </params>
          <reporter-output>
          </reporter-output>
        </test-method> <!-- runScenario -->
        <test-method signature="runScenario(io.cucumber.testng.PickleWrapper,io.cucumber.testng.FeatureWrapper)[pri:0, instance:TestNGTestRunner@4b0b0854]" started-at="2024-10-24T14:09:50 IST" name="runScenario" description="Runs Cucumber Scenarios" data-provider="scenarios" finished-at="2024-10-24T14:09:53 IST" duration-ms="3555" status="PASS">
          <params>
            <param index="0">
              <value>
                <![CDATA["Login page functionality"]]>
              </value>
            </param>
            <param index="1">
              <value>
                <![CDATA["Login error handling"]]>
              </value>
            </param>
          </params>
          <reporter-output>
          </reporter-output>
        </test-method> <!-- runScenario -->
        <test-method signature="runScenario(io.cucumber.testng.PickleWrapper,io.cucumber.testng.FeatureWrapper)[pri:0, instance:TestNGTestRunner@4b0b0854]" started-at="2024-10-24T14:09:53 IST" name="runScenario" description="Runs Cucumber Scenarios" data-provider="scenarios" finished-at="2024-10-24T14:09:57 IST" duration-ms="3888" status="PASS">
          <params>
            <param index="0">
              <value>
                <![CDATA["Login page functionality"]]>
              </value>
            </param>
            <param index="1">
              <value>
                <![CDATA["Login error handling"]]>
              </value>
            </param>
          </params>
          <reporter-output>
          </reporter-output>
        </test-method> <!-- runScenario -->
        <test-method signature="runScenario(io.cucumber.testng.PickleWrapper,io.cucumber.testng.FeatureWrapper)[pri:0, instance:TestNGTestRunner@4b0b0854]" started-at="2024-10-24T14:09:57 IST" name="runScenario" description="Runs Cucumber Scenarios" data-provider="scenarios" finished-at="2024-10-24T14:10:01 IST" duration-ms="4110" status="PASS">
          <params>
            <param index="0">
              <value>
                <![CDATA["Login page functionality"]]>
              </value>
            </param>
            <param index="1">
              <value>
                <![CDATA["Login error handling"]]>
              </value>
            </param>
          </params>
          <reporter-output>
          </reporter-output>
        </test-method> <!-- runScenario -->
        <test-method is-config="true" signature="tearDownClass()[pri:0, instance:TestNGTestRunner@4b0b0854]" started-at="2024-10-24T14:10:01 IST" name="tearDownClass" finished-at="2024-10-24T14:10:01 IST" duration-ms="7" status="PASS">
          <reporter-output>
          </reporter-output>
        </test-method> <!-- tearDownClass -->
      </class> <!-- TestNGTestRunner -->
    </test> <!-- Surefire test -->
  </suite> <!-- Surefire suite -->
</testng-results>
