<?xml version="1.0" encoding="UTF-8"?>
<testng-results ignored="0" total="45" passed="45" failed="0" skipped="0">
  <reporter-output>
  </reporter-output>
  <suite started-at="2024-11-05T14:56:39 IST" name="Default suite" finished-at="2024-11-05T15:03:26 IST" duration-ms="406827">
    <groups>
      <group name="cucumber">
        <method signature="AbstractTestNGCucumberTests.runScenario(io.cucumber.testng.PickleWrapper,io.cucumber.testng.FeatureWrapper)[pri:0, instance:TestNGTestRunner@5e2c3d18]" name="runScenario" class="io.cucumber.testng.AbstractTestNGCucumberTests"/>
      </group> <!-- cucumber -->
    </groups>
    <test started-at="2024-11-05T14:56:39 IST" name="Default test" finished-at="2024-11-05T15:03:26 IST" duration-ms="406827">
      <class name="TestNGTestRunner">
        <test-method is-config="true" signature="setUpClass(org.testng.ITestContext)[pri:0, instance:TestNGTestRunner@5e2c3d18]" started-at="2024-11-05T14:56:39 IST" name="setUpClass" finished-at="2024-11-05T14:56:39 IST" duration-ms="301" status="PASS">
          <params>
            <param index="0">
              <value>
                <![CDATA[org.testng.TestRunner@4707d60a]]>
              </value>
            </param>
          </params>
          <reporter-output>
          </reporter-output>
        </test-method> <!-- setUpClass -->
        <test-method signature="runScenario(io.cucumber.testng.PickleWrapper,io.cucumber.testng.FeatureWrapper)[pri:0, instance:TestNGTestRunner@5e2c3d18]" started-at="2024-11-05T14:56:39 IST" name="runScenario" description="Runs Cucumber Scenarios" data-provider="scenarios" finished-at="2024-11-05T14:56:47 IST" duration-ms="7414" status="PASS">
          <params>
            <param index="0">
              <value>
                <![CDATA["Empty form"]]>
              </value>
            </param>
            <param index="1">
              <value>
                <![CDATA["Forgot Password Page error handling"]]>
              </value>
            </param>
          </params>
          <reporter-output>
          </reporter-output>
        </test-method> <!-- runScenario -->
        <test-method signature="runScenario(io.cucumber.testng.PickleWrapper,io.cucumber.testng.FeatureWrapper)[pri:0, instance:TestNGTestRunner@5e2c3d18]" started-at="2024-11-05T14:56:47 IST" name="runScenario" description="Runs Cucumber Scenarios" data-provider="scenarios" finished-at="2024-11-05T14:56:54 IST" duration-ms="7153" status="PASS">
          <params>
            <param index="0">
              <value>
                <![CDATA["Invalid email"]]>
              </value>
            </param>
            <param index="1">
              <value>
                <![CDATA["Forgot Password Page error handling"]]>
              </value>
            </param>
          </params>
          <reporter-output>
          </reporter-output>
        </test-method> <!-- runScenario -->
        <test-method signature="runScenario(io.cucumber.testng.PickleWrapper,io.cucumber.testng.FeatureWrapper)[pri:0, instance:TestNGTestRunner@5e2c3d18]" started-at="2024-11-05T14:56:54 IST" name="runScenario" description="Runs Cucumber Scenarios" data-provider="scenarios" finished-at="2024-11-05T14:57:00 IST" duration-ms="6258" status="PASS">
          <params>
            <param index="0">
              <value>
                <![CDATA["Password mismatch"]]>
              </value>
            </param>
            <param index="1">
              <value>
                <![CDATA["Forgot Password Page error handling"]]>
              </value>
            </param>
          </params>
          <reporter-output>
          </reporter-output>
        </test-method> <!-- runScenario -->
        <test-method signature="runScenario(io.cucumber.testng.PickleWrapper,io.cucumber.testng.FeatureWrapper)[pri:0, instance:TestNGTestRunner@5e2c3d18]" started-at="2024-11-05T14:57:00 IST" name="runScenario" description="Runs Cucumber Scenarios" data-provider="scenarios" finished-at="2024-11-05T14:57:08 IST" duration-ms="7612" status="PASS">
          <params>
            <param index="0">
              <value>
                <![CDATA["User Not found"]]>
              </value>
            </param>
            <param index="1">
              <value>
                <![CDATA["Forgot Password Page error handling"]]>
              </value>
            </param>
          </params>
          <reporter-output>
          </reporter-output>
        </test-method> <!-- runScenario -->
        <test-method signature="runScenario(io.cucumber.testng.PickleWrapper,io.cucumber.testng.FeatureWrapper)[pri:0, instance:TestNGTestRunner@5e2c3d18]" started-at="2024-11-05T14:57:08 IST" name="runScenario" description="Runs Cucumber Scenarios" data-provider="scenarios" finished-at="2024-11-05T14:57:16 IST" duration-ms="8231" status="PASS">
          <params>
            <param index="0">
              <value>
                <![CDATA["API intercept failed"]]>
              </value>
            </param>
            <param index="1">
              <value>
                <![CDATA["Forgot Password Page error handling"]]>
              </value>
            </param>
          </params>
          <reporter-output>
          </reporter-output>
        </test-method> <!-- runScenario -->
        <test-method signature="runScenario(io.cucumber.testng.PickleWrapper,io.cucumber.testng.FeatureWrapper)[pri:0, instance:TestNGTestRunner@5e2c3d18]" started-at="2024-11-05T14:57:16 IST" name="runScenario" description="Runs Cucumber Scenarios" data-provider="scenarios" finished-at="2024-11-05T14:57:23 IST" duration-ms="7456" status="PASS">
          <params>
            <param index="0">
              <value>
                <![CDATA["API Payload changedInvalid email"]]>
              </value>
            </param>
            <param index="1">
              <value>
                <![CDATA["Forgot Password Page error handling"]]>
              </value>
            </param>
          </params>
          <reporter-output>
          </reporter-output>
        </test-method> <!-- runScenario -->
        <test-method signature="runScenario(io.cucumber.testng.PickleWrapper,io.cucumber.testng.FeatureWrapper)[pri:0, instance:TestNGTestRunner@5e2c3d18]" started-at="2024-11-05T14:57:23 IST" name="runScenario" description="Runs Cucumber Scenarios" data-provider="scenarios" finished-at="2024-11-05T14:57:31 IST" duration-ms="7618" status="PASS">
          <params>
            <param index="0">
              <value>
                <![CDATA["Forgot Password Page functionality"]]>
              </value>
            </param>
            <param index="1">
              <value>
                <![CDATA["Forgot Password Page functionality"]]>
              </value>
            </param>
          </params>
          <reporter-output>
          </reporter-output>
        </test-method> <!-- runScenario -->
        <test-method signature="runScenario(io.cucumber.testng.PickleWrapper,io.cucumber.testng.FeatureWrapper)[pri:0, instance:TestNGTestRunner@5e2c3d18]" started-at="2024-11-05T14:57:31 IST" name="runScenario" description="Runs Cucumber Scenarios" data-provider="scenarios" finished-at="2024-11-05T14:57:37 IST" duration-ms="6071" status="PASS">
          <params>
            <param index="0">
              <value>
                <![CDATA["Forgot Password Page functionality"]]>
              </value>
            </param>
            <param index="1">
              <value>
                <![CDATA["Forgot Password Page functionality"]]>
              </value>
            </param>
          </params>
          <reporter-output>
          </reporter-output>
        </test-method> <!-- runScenario -->
        <test-method signature="runScenario(io.cucumber.testng.PickleWrapper,io.cucumber.testng.FeatureWrapper)[pri:0, instance:TestNGTestRunner@5e2c3d18]" started-at="2024-11-05T14:57:37 IST" name="runScenario" description="Runs Cucumber Scenarios" data-provider="scenarios" finished-at="2024-11-05T14:57:47 IST" duration-ms="10142" status="PASS">
          <params>
            <param index="0">
              <value>
                <![CDATA["Forgot Password Page functionality"]]>
              </value>
            </param>
            <param index="1">
              <value>
                <![CDATA["Forgot Password Page functionality"]]>
              </value>
            </param>
          </params>
          <reporter-output>
          </reporter-output>
        </test-method> <!-- runScenario -->
        <test-method signature="runScenario(io.cucumber.testng.PickleWrapper,io.cucumber.testng.FeatureWrapper)[pri:0, instance:TestNGTestRunner@5e2c3d18]" started-at="2024-11-05T14:57:47 IST" name="runScenario" description="Runs Cucumber Scenarios" data-provider="scenarios" finished-at="2024-11-05T14:57:54 IST" duration-ms="6548" status="PASS">
          <params>
            <param index="0">
              <value>
                <![CDATA["Login page functionality"]]>
              </value>
            </param>
            <param index="1">
              <value>
                <![CDATA["Login error handling"]]>
              </value>
            </param>
          </params>
          <reporter-output>
          </reporter-output>
        </test-method> <!-- runScenario -->
        <test-method signature="runScenario(io.cucumber.testng.PickleWrapper,io.cucumber.testng.FeatureWrapper)[pri:0, instance:TestNGTestRunner@5e2c3d18]" started-at="2024-11-05T14:57:54 IST" name="runScenario" description="Runs Cucumber Scenarios" data-provider="scenarios" finished-at="2024-11-05T14:58:00 IST" duration-ms="6290" status="PASS">
          <params>
            <param index="0">
              <value>
                <![CDATA["Login page functionality"]]>
              </value>
            </param>
            <param index="1">
              <value>
                <![CDATA["Login error handling"]]>
              </value>
            </param>
          </params>
          <reporter-output>
          </reporter-output>
        </test-method> <!-- runScenario -->
        <test-method signature="runScenario(io.cucumber.testng.PickleWrapper,io.cucumber.testng.FeatureWrapper)[pri:0, instance:TestNGTestRunner@5e2c3d18]" started-at="2024-11-05T14:58:00 IST" name="runScenario" description="Runs Cucumber Scenarios" data-provider="scenarios" finished-at="2024-11-05T14:58:12 IST" duration-ms="11620" status="PASS">
          <params>
            <param index="0">
              <value>
                <![CDATA["Login page functionality"]]>
              </value>
            </param>
            <param index="1">
              <value>
                <![CDATA["Login error handling"]]>
              </value>
            </param>
          </params>
          <reporter-output>
          </reporter-output>
        </test-method> <!-- runScenario -->
        <test-method signature="runScenario(io.cucumber.testng.PickleWrapper,io.cucumber.testng.FeatureWrapper)[pri:0, instance:TestNGTestRunner@5e2c3d18]" started-at="2024-11-05T14:58:12 IST" name="runScenario" description="Runs Cucumber Scenarios" data-provider="scenarios" finished-at="2024-11-05T14:58:18 IST" duration-ms="6588" status="PASS">
          <params>
            <param index="0">
              <value>
                <![CDATA["Login page functionality"]]>
              </value>
            </param>
            <param index="1">
              <value>
                <![CDATA["Login error handling"]]>
              </value>
            </param>
          </params>
          <reporter-output>
          </reporter-output>
        </test-method> <!-- runScenario -->
        <test-method signature="runScenario(io.cucumber.testng.PickleWrapper,io.cucumber.testng.FeatureWrapper)[pri:0, instance:TestNGTestRunner@5e2c3d18]" started-at="2024-11-05T14:58:18 IST" name="runScenario" description="Runs Cucumber Scenarios" data-provider="scenarios" finished-at="2024-11-05T14:58:25 IST" duration-ms="7001" status="PASS">
          <params>
            <param index="0">
              <value>
                <![CDATA["Login page functionality"]]>
              </value>
            </param>
            <param index="1">
              <value>
                <![CDATA["Login error handling"]]>
              </value>
            </param>
          </params>
          <reporter-output>
          </reporter-output>
        </test-method> <!-- runScenario -->
        <test-method signature="runScenario(io.cucumber.testng.PickleWrapper,io.cucumber.testng.FeatureWrapper)[pri:0, instance:TestNGTestRunner@5e2c3d18]" started-at="2024-11-05T14:58:25 IST" name="runScenario" description="Runs Cucumber Scenarios" data-provider="scenarios" finished-at="2024-11-05T14:58:32 IST" duration-ms="6828" status="PASS">
          <params>
            <param index="0">
              <value>
                <![CDATA["Login page functionality"]]>
              </value>
            </param>
            <param index="1">
              <value>
                <![CDATA["Login error handling"]]>
              </value>
            </param>
          </params>
          <reporter-output>
          </reporter-output>
        </test-method> <!-- runScenario -->
        <test-method signature="runScenario(io.cucumber.testng.PickleWrapper,io.cucumber.testng.FeatureWrapper)[pri:0, instance:TestNGTestRunner@5e2c3d18]" started-at="2024-11-05T14:58:32 IST" name="runScenario" description="Runs Cucumber Scenarios" data-provider="scenarios" finished-at="2024-11-05T14:58:40 IST" duration-ms="7792" status="PASS">
          <params>
            <param index="0">
              <value>
                <![CDATA["Login page functionality"]]>
              </value>
            </param>
            <param index="1">
              <value>
                <![CDATA["Login error handling"]]>
              </value>
            </param>
          </params>
          <reporter-output>
          </reporter-output>
        </test-method> <!-- runScenario -->
        <test-method signature="runScenario(io.cucumber.testng.PickleWrapper,io.cucumber.testng.FeatureWrapper)[pri:0, instance:TestNGTestRunner@5e2c3d18]" started-at="2024-11-05T14:58:40 IST" name="runScenario" description="Runs Cucumber Scenarios" data-provider="scenarios" finished-at="2024-11-05T14:58:46 IST" duration-ms="6241" status="PASS">
          <params>
            <param index="0">
              <value>
                <![CDATA["Login page functionality"]]>
              </value>
            </param>
            <param index="1">
              <value>
                <![CDATA["Login functionality"]]>
              </value>
            </param>
          </params>
          <reporter-output>
          </reporter-output>
        </test-method> <!-- runScenario -->
        <test-method signature="runScenario(io.cucumber.testng.PickleWrapper,io.cucumber.testng.FeatureWrapper)[pri:0, instance:TestNGTestRunner@5e2c3d18]" started-at="2024-11-05T14:58:46 IST" name="runScenario" description="Runs Cucumber Scenarios" data-provider="scenarios" finished-at="2024-11-05T14:58:53 IST" duration-ms="7151" status="PASS">
          <params>
            <param index="0">
              <value>
                <![CDATA["Login page functionality"]]>
              </value>
            </param>
            <param index="1">
              <value>
                <![CDATA["Login functionality"]]>
              </value>
            </param>
          </params>
          <reporter-output>
          </reporter-output>
        </test-method> <!-- runScenario -->
        <test-method signature="runScenario(io.cucumber.testng.PickleWrapper,io.cucumber.testng.FeatureWrapper)[pri:0, instance:TestNGTestRunner@5e2c3d18]" started-at="2024-11-05T14:58:53 IST" name="runScenario" description="Runs Cucumber Scenarios" data-provider="scenarios" finished-at="2024-11-05T14:59:09 IST" duration-ms="16146" status="PASS">
          <params>
            <param index="0">
              <value>
                <![CDATA["Login page functionality"]]>
              </value>
            </param>
            <param index="1">
              <value>
                <![CDATA["Login functionality"]]>
              </value>
            </param>
          </params>
          <reporter-output>
          </reporter-output>
        </test-method> <!-- runScenario -->
        <test-method signature="runScenario(io.cucumber.testng.PickleWrapper,io.cucumber.testng.FeatureWrapper)[pri:0, instance:TestNGTestRunner@5e2c3d18]" started-at="2024-11-05T14:59:09 IST" name="runScenario" description="Runs Cucumber Scenarios" data-provider="scenarios" finished-at="2024-11-05T14:59:17 IST" duration-ms="8144" status="PASS">
          <params>
            <param index="0">
              <value>
                <![CDATA["Login page functionality"]]>
              </value>
            </param>
            <param index="1">
              <value>
                <![CDATA["Login functionality"]]>
              </value>
            </param>
          </params>
          <reporter-output>
          </reporter-output>
        </test-method> <!-- runScenario -->
        <test-method signature="runScenario(io.cucumber.testng.PickleWrapper,io.cucumber.testng.FeatureWrapper)[pri:0, instance:TestNGTestRunner@5e2c3d18]" started-at="2024-11-05T14:59:17 IST" name="runScenario" description="Runs Cucumber Scenarios" data-provider="scenarios" finished-at="2024-11-05T14:59:25 IST" duration-ms="7274" status="PASS">
          <params>
            <param index="0">
              <value>
                <![CDATA["Login page functionality"]]>
              </value>
            </param>
            <param index="1">
              <value>
                <![CDATA["Login functionality"]]>
              </value>
            </param>
          </params>
          <reporter-output>
          </reporter-output>
        </test-method> <!-- runScenario -->
        <test-method signature="runScenario(io.cucumber.testng.PickleWrapper,io.cucumber.testng.FeatureWrapper)[pri:0, instance:TestNGTestRunner@5e2c3d18]" started-at="2024-11-05T14:59:25 IST" name="runScenario" description="Runs Cucumber Scenarios" data-provider="scenarios" finished-at="2024-11-05T14:59:37 IST" duration-ms="11798" status="PASS">
          <params>
            <param index="0">
              <value>
                <![CDATA["Products page error handling no products are displayed due to api failure"]]>
              </value>
            </param>
            <param index="1">
              <value>
                <![CDATA["Products page error handling"]]>
              </value>
            </param>
          </params>
          <reporter-output>
          </reporter-output>
        </test-method> <!-- runScenario -->
        <test-method signature="runScenario(io.cucumber.testng.PickleWrapper,io.cucumber.testng.FeatureWrapper)[pri:0, instance:TestNGTestRunner@5e2c3d18]" started-at="2024-11-05T14:59:37 IST" name="runScenario" description="Runs Cucumber Scenarios" data-provider="scenarios" finished-at="2024-11-05T14:59:49 IST" duration-ms="12967" status="PASS">
          <params>
            <param index="0">
              <value>
                <![CDATA["Products page error handling no products are displayed due to filters"]]>
              </value>
            </param>
            <param index="1">
              <value>
                <![CDATA["Products page error handling"]]>
              </value>
            </param>
          </params>
          <reporter-output>
          </reporter-output>
        </test-method> <!-- runScenario -->
        <test-method signature="runScenario(io.cucumber.testng.PickleWrapper,io.cucumber.testng.FeatureWrapper)[pri:0, instance:TestNGTestRunner@5e2c3d18]" started-at="2024-11-05T14:59:49 IST" name="runScenario" description="Runs Cucumber Scenarios" data-provider="scenarios" finished-at="2024-11-05T15:00:02 IST" duration-ms="12803" status="PASS">
          <params>
            <param index="0">
              <value>
                <![CDATA["Products page error handling add to cart api is failed"]]>
              </value>
            </param>
            <param index="1">
              <value>
                <![CDATA["Products page error handling"]]>
              </value>
            </param>
          </params>
          <reporter-output>
          </reporter-output>
        </test-method> <!-- runScenario -->
        <test-method signature="runScenario(io.cucumber.testng.PickleWrapper,io.cucumber.testng.FeatureWrapper)[pri:0, instance:TestNGTestRunner@5e2c3d18]" started-at="2024-11-05T15:00:02 IST" name="runScenario" description="Runs Cucumber Scenarios" data-provider="scenarios" finished-at="2024-11-05T15:00:14 IST" duration-ms="12197" status="PASS">
          <params>
            <param index="0">
              <value>
                <![CDATA["Products page functionality"]]>
              </value>
            </param>
            <param index="1">
              <value>
                <![CDATA["Products page functionality"]]>
              </value>
            </param>
          </params>
          <reporter-output>
          </reporter-output>
        </test-method> <!-- runScenario -->
        <test-method signature="runScenario(io.cucumber.testng.PickleWrapper,io.cucumber.testng.FeatureWrapper)[pri:0, instance:TestNGTestRunner@5e2c3d18]" started-at="2024-11-05T15:00:14 IST" name="runScenario" description="Runs Cucumber Scenarios" data-provider="scenarios" finished-at="2024-11-05T15:00:21 IST" duration-ms="6648" status="PASS">
          <params>
            <param index="0">
              <value>
                <![CDATA["Cart button"]]>
              </value>
            </param>
            <param index="1">
              <value>
                <![CDATA["Products page functionality"]]>
              </value>
            </param>
          </params>
          <reporter-output>
          </reporter-output>
        </test-method> <!-- runScenario -->
        <test-method signature="runScenario(io.cucumber.testng.PickleWrapper,io.cucumber.testng.FeatureWrapper)[pri:0, instance:TestNGTestRunner@5e2c3d18]" started-at="2024-11-05T15:00:21 IST" name="runScenario" description="Runs Cucumber Scenarios" data-provider="scenarios" finished-at="2024-11-05T15:00:30 IST" duration-ms="8527" status="PASS">
          <params>
            <param index="0">
              <value>
                <![CDATA["Home button"]]>
              </value>
            </param>
            <param index="1">
              <value>
                <![CDATA["Products page functionality"]]>
              </value>
            </param>
          </params>
          <reporter-output>
          </reporter-output>
        </test-method> <!-- runScenario -->
        <test-method signature="runScenario(io.cucumber.testng.PickleWrapper,io.cucumber.testng.FeatureWrapper)[pri:0, instance:TestNGTestRunner@5e2c3d18]" started-at="2024-11-05T15:00:30 IST" name="runScenario" description="Runs Cucumber Scenarios" data-provider="scenarios" finished-at="2024-11-05T15:00:37 IST" duration-ms="7332" status="PASS">
          <params>
            <param index="0">
              <value>
                <![CDATA["Orders button"]]>
              </value>
            </param>
            <param index="1">
              <value>
                <![CDATA["Products page functionality"]]>
              </value>
            </param>
          </params>
          <reporter-output>
          </reporter-output>
        </test-method> <!-- runScenario -->
        <test-method signature="runScenario(io.cucumber.testng.PickleWrapper,io.cucumber.testng.FeatureWrapper)[pri:0, instance:TestNGTestRunner@5e2c3d18]" started-at="2024-11-05T15:00:37 IST" name="runScenario" description="Runs Cucumber Scenarios" data-provider="scenarios" finished-at="2024-11-05T15:00:45 IST" duration-ms="8030" status="PASS">
          <params>
            <param index="0">
              <value>
                <![CDATA["SignOut"]]>
              </value>
            </param>
            <param index="1">
              <value>
                <![CDATA["Products page functionality"]]>
              </value>
            </param>
          </params>
          <reporter-output>
          </reporter-output>
        </test-method> <!-- runScenario -->
        <test-method signature="runScenario(io.cucumber.testng.PickleWrapper,io.cucumber.testng.FeatureWrapper)[pri:0, instance:TestNGTestRunner@5e2c3d18]" started-at="2024-11-05T15:00:45 IST" name="runScenario" description="Runs Cucumber Scenarios" data-provider="scenarios" finished-at="2024-11-05T15:01:09 IST" duration-ms="24214" status="PASS">
          <params>
            <param index="0">
              <value>
                <![CDATA["Add products to cart"]]>
              </value>
            </param>
            <param index="1">
              <value>
                <![CDATA["Products page functionality"]]>
              </value>
            </param>
          </params>
          <reporter-output>
          </reporter-output>
        </test-method> <!-- runScenario -->
        <test-method signature="runScenario(io.cucumber.testng.PickleWrapper,io.cucumber.testng.FeatureWrapper)[pri:0, instance:TestNGTestRunner@5e2c3d18]" started-at="2024-11-05T15:01:09 IST" name="runScenario" description="Runs Cucumber Scenarios" data-provider="scenarios" finished-at="2024-11-05T15:01:21 IST" duration-ms="12020" status="PASS">
          <params>
            <param index="0">
              <value>
                <![CDATA["Search filter"]]>
              </value>
            </param>
            <param index="1">
              <value>
                <![CDATA["Products page functionality"]]>
              </value>
            </param>
          </params>
          <reporter-output>
          </reporter-output>
        </test-method> <!-- runScenario -->
        <test-method signature="runScenario(io.cucumber.testng.PickleWrapper,io.cucumber.testng.FeatureWrapper)[pri:0, instance:TestNGTestRunner@5e2c3d18]" started-at="2024-11-05T15:01:21 IST" name="runScenario" description="Runs Cucumber Scenarios" data-provider="scenarios" finished-at="2024-11-05T15:01:33 IST" duration-ms="12062" status="PASS">
          <params>
            <param index="0">
              <value>
                <![CDATA["Min max price filter"]]>
              </value>
            </param>
            <param index="1">
              <value>
                <![CDATA["Products page functionality"]]>
              </value>
            </param>
          </params>
          <reporter-output>
          </reporter-output>
        </test-method> <!-- runScenario -->
        <test-method signature="runScenario(io.cucumber.testng.PickleWrapper,io.cucumber.testng.FeatureWrapper)[pri:0, instance:TestNGTestRunner@5e2c3d18]" started-at="2024-11-05T15:01:33 IST" name="runScenario" description="Runs Cucumber Scenarios" data-provider="scenarios" finished-at="2024-11-05T15:01:46 IST" duration-ms="12360" status="PASS">
          <params>
            <param index="0">
              <value>
                <![CDATA["Categories filter"]]>
              </value>
            </param>
            <param index="1">
              <value>
                <![CDATA["Products page functionality"]]>
              </value>
            </param>
          </params>
          <reporter-output>
          </reporter-output>
        </test-method> <!-- runScenario -->
        <test-method signature="runScenario(io.cucumber.testng.PickleWrapper,io.cucumber.testng.FeatureWrapper)[pri:0, instance:TestNGTestRunner@5e2c3d18]" started-at="2024-11-05T15:01:46 IST" name="runScenario" description="Runs Cucumber Scenarios" data-provider="scenarios" finished-at="2024-11-05T15:01:52 IST" duration-ms="6579" status="PASS">
          <params>
            <param index="0">
              <value>
                <![CDATA["User submits empty registration form"]]>
              </value>
            </param>
            <param index="1">
              <value>
                <![CDATA["Register page error handling"]]>
              </value>
            </param>
          </params>
          <reporter-output>
          </reporter-output>
        </test-method> <!-- runScenario -->
        <test-method signature="runScenario(io.cucumber.testng.PickleWrapper,io.cucumber.testng.FeatureWrapper)[pri:0, instance:TestNGTestRunner@5e2c3d18]" started-at="2024-11-05T15:01:52 IST" name="runScenario" description="Runs Cucumber Scenarios" data-provider="scenarios" finished-at="2024-11-05T15:02:01 IST" duration-ms="8609" status="PASS">
          <params>
            <param index="0">
              <value>
                <![CDATA["User provides inalid email and invalid email error is displayed"]]>
              </value>
            </param>
            <param index="1">
              <value>
                <![CDATA["Register page error handling"]]>
              </value>
            </param>
          </params>
          <reporter-output>
          </reporter-output>
        </test-method> <!-- runScenario -->
        <test-method signature="runScenario(io.cucumber.testng.PickleWrapper,io.cucumber.testng.FeatureWrapper)[pri:0, instance:TestNGTestRunner@5e2c3d18]" started-at="2024-11-05T15:02:01 IST" name="runScenario" description="Runs Cucumber Scenarios" data-provider="scenarios" finished-at="2024-11-05T15:02:11 IST" duration-ms="10125" status="PASS">
          <params>
            <param index="0">
              <value>
                <![CDATA["User provides mismatch password and password mismatch error is displayed"]]>
              </value>
            </param>
            <param index="1">
              <value>
                <![CDATA["Register page error handling"]]>
              </value>
            </param>
          </params>
          <reporter-output>
          </reporter-output>
        </test-method> <!-- runScenario -->
        <test-method signature="runScenario(io.cucumber.testng.PickleWrapper,io.cucumber.testng.FeatureWrapper)[pri:0, instance:TestNGTestRunner@5e2c3d18]" started-at="2024-11-05T15:02:11 IST" name="runScenario" description="Runs Cucumber Scenarios" data-provider="scenarios" finished-at="2024-11-05T15:02:20 IST" duration-ms="8613" status="PASS">
          <params>
            <param index="0">
              <value>
                <![CDATA["User provides mobile number with chars and mobile error is displayed"]]>
              </value>
            </param>
            <param index="1">
              <value>
                <![CDATA["Register page error handling"]]>
              </value>
            </param>
          </params>
          <reporter-output>
          </reporter-output>
        </test-method> <!-- runScenario -->
        <test-method signature="runScenario(io.cucumber.testng.PickleWrapper,io.cucumber.testng.FeatureWrapper)[pri:0, instance:TestNGTestRunner@5e2c3d18]" started-at="2024-11-05T15:02:20 IST" name="runScenario" description="Runs Cucumber Scenarios" data-provider="scenarios" finished-at="2024-11-05T15:02:27 IST" duration-ms="7467" status="PASS">
          <params>
            <param index="0">
              <value>
                <![CDATA["User provides mobile number with less than 10 digits and mobile error is displayed"]]>
              </value>
            </param>
            <param index="1">
              <value>
                <![CDATA["Register page error handling"]]>
              </value>
            </param>
          </params>
          <reporter-output>
          </reporter-output>
        </test-method> <!-- runScenario -->
        <test-method signature="runScenario(io.cucumber.testng.PickleWrapper,io.cucumber.testng.FeatureWrapper)[pri:0, instance:TestNGTestRunner@5e2c3d18]" started-at="2024-11-05T15:02:27 IST" name="runScenario" description="Runs Cucumber Scenarios" data-provider="scenarios" finished-at="2024-11-05T15:02:34 IST" duration-ms="7341" status="PASS">
          <params>
            <param index="0">
              <value>
                <![CDATA["User provides registered email and registerd user is displayed"]]>
              </value>
            </param>
            <param index="1">
              <value>
                <![CDATA["Register page error handling"]]>
              </value>
            </param>
          </params>
          <reporter-output>
          </reporter-output>
        </test-method> <!-- runScenario -->
        <test-method signature="runScenario(io.cucumber.testng.PickleWrapper,io.cucumber.testng.FeatureWrapper)[pri:0, instance:TestNGTestRunner@5e2c3d18]" started-at="2024-11-05T15:02:34 IST" name="runScenario" description="Runs Cucumber Scenarios" data-provider="scenarios" finished-at="2024-11-05T15:02:42 IST" duration-ms="8029" status="PASS">
          <params>
            <param index="0">
              <value>
                <![CDATA["User provides password length less than 8 and passowrd error is displayed"]]>
              </value>
            </param>
            <param index="1">
              <value>
                <![CDATA["Register page error handling"]]>
              </value>
            </param>
          </params>
          <reporter-output>
          </reporter-output>
        </test-method> <!-- runScenario -->
        <test-method signature="runScenario(io.cucumber.testng.PickleWrapper,io.cucumber.testng.FeatureWrapper)[pri:0, instance:TestNGTestRunner@5e2c3d18]" started-at="2024-11-05T15:02:42 IST" name="runScenario" description="Runs Cucumber Scenarios" data-provider="scenarios" finished-at="2024-11-05T15:02:50 IST" duration-ms="7953" status="PASS">
          <params>
            <param index="0">
              <value>
                <![CDATA["User provides password length less than 8 and passowrd error is displayed"]]>
              </value>
            </param>
            <param index="1">
              <value>
                <![CDATA["Register page error handling"]]>
              </value>
            </param>
          </params>
          <reporter-output>
          </reporter-output>
        </test-method> <!-- runScenario -->
        <test-method signature="runScenario(io.cucumber.testng.PickleWrapper,io.cucumber.testng.FeatureWrapper)[pri:0, instance:TestNGTestRunner@5e2c3d18]" started-at="2024-11-05T15:02:50 IST" name="runScenario" description="Runs Cucumber Scenarios" data-provider="scenarios" finished-at="2024-11-05T15:02:59 IST" duration-ms="8441" status="PASS">
          <params>
            <param index="0">
              <value>
                <![CDATA["User provides correct details and api is failed and error is displayed"]]>
              </value>
            </param>
            <param index="1">
              <value>
                <![CDATA["Register page error handling"]]>
              </value>
            </param>
          </params>
          <reporter-output>
          </reporter-output>
        </test-method> <!-- runScenario -->
        <test-method signature="runScenario(io.cucumber.testng.PickleWrapper,io.cucumber.testng.FeatureWrapper)[pri:0, instance:TestNGTestRunner@5e2c3d18]" started-at="2024-11-05T15:02:59 IST" name="runScenario" description="Runs Cucumber Scenarios" data-provider="scenarios" finished-at="2024-11-05T15:03:06 IST" duration-ms="7265" status="PASS">
          <params>
            <param index="0">
              <value>
                <![CDATA["User provides registered email and registerd user is displayed"]]>
              </value>
            </param>
            <param index="1">
              <value>
                <![CDATA["Register page error handling"]]>
              </value>
            </param>
          </params>
          <reporter-output>
          </reporter-output>
        </test-method> <!-- runScenario -->
        <test-method signature="runScenario(io.cucumber.testng.PickleWrapper,io.cucumber.testng.FeatureWrapper)[pri:0, instance:TestNGTestRunner@5e2c3d18]" started-at="2024-11-05T15:03:06 IST" name="runScenario" description="Runs Cucumber Scenarios" data-provider="scenarios" finished-at="2024-11-05T15:03:13 IST" duration-ms="6717" status="PASS">
          <params>
            <param index="0">
              <value>
                <![CDATA["User clicks on login page link in register page"]]>
              </value>
            </param>
            <param index="1">
              <value>
                <![CDATA["Register page functionality"]]>
              </value>
            </param>
          </params>
          <reporter-output>
          </reporter-output>
        </test-method> <!-- runScenario -->
        <test-method signature="runScenario(io.cucumber.testng.PickleWrapper,io.cucumber.testng.FeatureWrapper)[pri:0, instance:TestNGTestRunner@5e2c3d18]" started-at="2024-11-05T15:03:13 IST" name="runScenario" description="Runs Cucumber Scenarios" data-provider="scenarios" finished-at="2024-11-05T15:03:26 IST" duration-ms="12687" status="PASS">
          <params>
            <param index="0">
              <value>
                <![CDATA["User provides all correct details and user is registered successfully"]]>
              </value>
            </param>
            <param index="1">
              <value>
                <![CDATA["Register page functionality"]]>
              </value>
            </param>
          </params>
          <reporter-output>
          </reporter-output>
        </test-method> <!-- runScenario -->
        <test-method is-config="true" signature="tearDownClass()[pri:0, instance:TestNGTestRunner@5e2c3d18]" started-at="2024-11-05T15:03:26 IST" name="tearDownClass" finished-at="2024-11-05T15:03:26 IST" duration-ms="3" status="PASS">
          <reporter-output>
          </reporter-output>
        </test-method> <!-- tearDownClass -->
      </class> <!-- TestNGTestRunner -->
    </test> <!-- Default test -->
  </suite> <!-- Default suite -->
</testng-results>
