<?xml version="1.0" encoding="UTF-8"?>
<testng-results ignored="0" total="33" passed="33" failed="0" skipped="0">
  <reporter-output>
  </reporter-output>
  <suite started-at="2024-10-31T14:35:27 IST" name="Default suite" finished-at="2024-10-31T14:38:25 IST" duration-ms="177769">
    <groups>
      <group name="cucumber">
        <method signature="AbstractTestNGCucumberTests.runScenario(io.cucumber.testng.PickleWrapper,io.cucumber.testng.FeatureWrapper)[pri:0, instance:TestNGTestRunner@5e2c3d18]" name="runScenario" class="io.cucumber.testng.AbstractTestNGCucumberTests"/>
      </group> <!-- cucumber -->
    </groups>
    <test started-at="2024-10-31T14:35:27 IST" name="Default test" finished-at="2024-10-31T14:38:25 IST" duration-ms="177769">
      <class name="TestNGTestRunner">
        <test-method is-config="true" signature="setUpClass(org.testng.ITestContext)[pri:0, instance:TestNGTestRunner@5e2c3d18]" started-at="2024-10-31T14:35:27 IST" name="setUpClass" finished-at="2024-10-31T14:35:27 IST" duration-ms="280" status="PASS">
          <params>
            <param index="0">
              <value>
                <![CDATA[org.testng.TestRunner@45482f82]]>
              </value>
            </param>
          </params>
          <reporter-output>
          </reporter-output>
        </test-method> <!-- setUpClass -->
        <test-method signature="runScenario(io.cucumber.testng.PickleWrapper,io.cucumber.testng.FeatureWrapper)[pri:0, instance:TestNGTestRunner@5e2c3d18]" started-at="2024-10-31T14:35:27 IST" name="runScenario" description="Runs Cucumber Scenarios" data-provider="scenarios" finished-at="2024-10-31T14:35:33 IST" duration-ms="6126" status="PASS">
          <params>
            <param index="0">
              <value>
                <![CDATA["Empty form"]]>
              </value>
            </param>
            <param index="1">
              <value>
                <![CDATA["Forgot Password Page error handling"]]>
              </value>
            </param>
          </params>
          <reporter-output>
          </reporter-output>
        </test-method> <!-- runScenario -->
        <test-method signature="runScenario(io.cucumber.testng.PickleWrapper,io.cucumber.testng.FeatureWrapper)[pri:0, instance:TestNGTestRunner@5e2c3d18]" started-at="2024-10-31T14:35:33 IST" name="runScenario" description="Runs Cucumber Scenarios" data-provider="scenarios" finished-at="2024-10-31T14:35:38 IST" duration-ms="5001" status="PASS">
          <params>
            <param index="0">
              <value>
                <![CDATA["Invalid email"]]>
              </value>
            </param>
            <param index="1">
              <value>
                <![CDATA["Forgot Password Page error handling"]]>
              </value>
            </param>
          </params>
          <reporter-output>
          </reporter-output>
        </test-method> <!-- runScenario -->
        <test-method signature="runScenario(io.cucumber.testng.PickleWrapper,io.cucumber.testng.FeatureWrapper)[pri:0, instance:TestNGTestRunner@5e2c3d18]" started-at="2024-10-31T14:35:38 IST" name="runScenario" description="Runs Cucumber Scenarios" data-provider="scenarios" finished-at="2024-10-31T14:35:43 IST" duration-ms="4689" status="PASS">
          <params>
            <param index="0">
              <value>
                <![CDATA["Password mismatch"]]>
              </value>
            </param>
            <param index="1">
              <value>
                <![CDATA["Forgot Password Page error handling"]]>
              </value>
            </param>
          </params>
          <reporter-output>
          </reporter-output>
        </test-method> <!-- runScenario -->
        <test-method signature="runScenario(io.cucumber.testng.PickleWrapper,io.cucumber.testng.FeatureWrapper)[pri:0, instance:TestNGTestRunner@5e2c3d18]" started-at="2024-10-31T14:35:43 IST" name="runScenario" description="Runs Cucumber Scenarios" data-provider="scenarios" finished-at="2024-10-31T14:35:48 IST" duration-ms="4541" status="PASS">
          <params>
            <param index="0">
              <value>
                <![CDATA["User Not found"]]>
              </value>
            </param>
            <param index="1">
              <value>
                <![CDATA["Forgot Password Page error handling"]]>
              </value>
            </param>
          </params>
          <reporter-output>
          </reporter-output>
        </test-method> <!-- runScenario -->
        <test-method signature="runScenario(io.cucumber.testng.PickleWrapper,io.cucumber.testng.FeatureWrapper)[pri:0, instance:TestNGTestRunner@5e2c3d18]" started-at="2024-10-31T14:35:48 IST" name="runScenario" description="Runs Cucumber Scenarios" data-provider="scenarios" finished-at="2024-10-31T14:35:54 IST" duration-ms="6229" status="PASS">
          <params>
            <param index="0">
              <value>
                <![CDATA["API intercept failed"]]>
              </value>
            </param>
            <param index="1">
              <value>
                <![CDATA["Forgot Password Page error handling"]]>
              </value>
            </param>
          </params>
          <reporter-output>
          </reporter-output>
        </test-method> <!-- runScenario -->
        <test-method signature="runScenario(io.cucumber.testng.PickleWrapper,io.cucumber.testng.FeatureWrapper)[pri:0, instance:TestNGTestRunner@5e2c3d18]" started-at="2024-10-31T14:35:54 IST" name="runScenario" description="Runs Cucumber Scenarios" data-provider="scenarios" finished-at="2024-10-31T14:35:58 IST" duration-ms="4569" status="PASS">
          <params>
            <param index="0">
              <value>
                <![CDATA["API Payload changedInvalid email"]]>
              </value>
            </param>
            <param index="1">
              <value>
                <![CDATA["Forgot Password Page error handling"]]>
              </value>
            </param>
          </params>
          <reporter-output>
          </reporter-output>
        </test-method> <!-- runScenario -->
        <test-method signature="runScenario(io.cucumber.testng.PickleWrapper,io.cucumber.testng.FeatureWrapper)[pri:0, instance:TestNGTestRunner@5e2c3d18]" started-at="2024-10-31T14:35:58 IST" name="runScenario" description="Runs Cucumber Scenarios" data-provider="scenarios" finished-at="2024-10-31T14:36:02 IST" duration-ms="3912" status="PASS">
          <params>
            <param index="0">
              <value>
                <![CDATA["Forgot Password Page functionality"]]>
              </value>
            </param>
            <param index="1">
              <value>
                <![CDATA["Forgot Password Page functionality"]]>
              </value>
            </param>
          </params>
          <reporter-output>
          </reporter-output>
        </test-method> <!-- runScenario -->
        <test-method signature="runScenario(io.cucumber.testng.PickleWrapper,io.cucumber.testng.FeatureWrapper)[pri:0, instance:TestNGTestRunner@5e2c3d18]" started-at="2024-10-31T14:36:02 IST" name="runScenario" description="Runs Cucumber Scenarios" data-provider="scenarios" finished-at="2024-10-31T14:36:07 IST" duration-ms="4867" status="PASS">
          <params>
            <param index="0">
              <value>
                <![CDATA["Forgot Password Page functionality"]]>
              </value>
            </param>
            <param index="1">
              <value>
                <![CDATA["Forgot Password Page functionality"]]>
              </value>
            </param>
          </params>
          <reporter-output>
          </reporter-output>
        </test-method> <!-- runScenario -->
        <test-method signature="runScenario(io.cucumber.testng.PickleWrapper,io.cucumber.testng.FeatureWrapper)[pri:0, instance:TestNGTestRunner@5e2c3d18]" started-at="2024-10-31T14:36:07 IST" name="runScenario" description="Runs Cucumber Scenarios" data-provider="scenarios" finished-at="2024-10-31T14:36:15 IST" duration-ms="8104" status="PASS">
          <params>
            <param index="0">
              <value>
                <![CDATA["Forgot Password Page functionality"]]>
              </value>
            </param>
            <param index="1">
              <value>
                <![CDATA["Forgot Password Page functionality"]]>
              </value>
            </param>
          </params>
          <reporter-output>
          </reporter-output>
        </test-method> <!-- runScenario -->
        <test-method signature="runScenario(io.cucumber.testng.PickleWrapper,io.cucumber.testng.FeatureWrapper)[pri:0, instance:TestNGTestRunner@5e2c3d18]" started-at="2024-10-31T14:36:15 IST" name="runScenario" description="Runs Cucumber Scenarios" data-provider="scenarios" finished-at="2024-10-31T14:36:20 IST" duration-ms="4697" status="PASS">
          <params>
            <param index="0">
              <value>
                <![CDATA["Login page functionality"]]>
              </value>
            </param>
            <param index="1">
              <value>
                <![CDATA["Login error handling"]]>
              </value>
            </param>
          </params>
          <reporter-output>
          </reporter-output>
        </test-method> <!-- runScenario -->
        <test-method signature="runScenario(io.cucumber.testng.PickleWrapper,io.cucumber.testng.FeatureWrapper)[pri:0, instance:TestNGTestRunner@5e2c3d18]" started-at="2024-10-31T14:36:20 IST" name="runScenario" description="Runs Cucumber Scenarios" data-provider="scenarios" finished-at="2024-10-31T14:36:25 IST" duration-ms="5304" status="PASS">
          <params>
            <param index="0">
              <value>
                <![CDATA["Login page functionality"]]>
              </value>
            </param>
            <param index="1">
              <value>
                <![CDATA["Login error handling"]]>
              </value>
            </param>
          </params>
          <reporter-output>
          </reporter-output>
        </test-method> <!-- runScenario -->
        <test-method signature="runScenario(io.cucumber.testng.PickleWrapper,io.cucumber.testng.FeatureWrapper)[pri:0, instance:TestNGTestRunner@5e2c3d18]" started-at="2024-10-31T14:36:25 IST" name="runScenario" description="Runs Cucumber Scenarios" data-provider="scenarios" finished-at="2024-10-31T14:36:36 IST" duration-ms="10255" status="PASS">
          <params>
            <param index="0">
              <value>
                <![CDATA["Login page functionality"]]>
              </value>
            </param>
            <param index="1">
              <value>
                <![CDATA["Login error handling"]]>
              </value>
            </param>
          </params>
          <reporter-output>
          </reporter-output>
        </test-method> <!-- runScenario -->
        <test-method signature="runScenario(io.cucumber.testng.PickleWrapper,io.cucumber.testng.FeatureWrapper)[pri:0, instance:TestNGTestRunner@5e2c3d18]" started-at="2024-10-31T14:36:36 IST" name="runScenario" description="Runs Cucumber Scenarios" data-provider="scenarios" finished-at="2024-10-31T14:36:40 IST" duration-ms="4544" status="PASS">
          <params>
            <param index="0">
              <value>
                <![CDATA["Login page functionality"]]>
              </value>
            </param>
            <param index="1">
              <value>
                <![CDATA["Login error handling"]]>
              </value>
            </param>
          </params>
          <reporter-output>
          </reporter-output>
        </test-method> <!-- runScenario -->
        <test-method signature="runScenario(io.cucumber.testng.PickleWrapper,io.cucumber.testng.FeatureWrapper)[pri:0, instance:TestNGTestRunner@5e2c3d18]" started-at="2024-10-31T14:36:40 IST" name="runScenario" description="Runs Cucumber Scenarios" data-provider="scenarios" finished-at="2024-10-31T14:36:46 IST" duration-ms="6243" status="PASS">
          <params>
            <param index="0">
              <value>
                <![CDATA["Login page functionality"]]>
              </value>
            </param>
            <param index="1">
              <value>
                <![CDATA["Login error handling"]]>
              </value>
            </param>
          </params>
          <reporter-output>
          </reporter-output>
        </test-method> <!-- runScenario -->
        <test-method signature="runScenario(io.cucumber.testng.PickleWrapper,io.cucumber.testng.FeatureWrapper)[pri:0, instance:TestNGTestRunner@5e2c3d18]" started-at="2024-10-31T14:36:46 IST" name="runScenario" description="Runs Cucumber Scenarios" data-provider="scenarios" finished-at="2024-10-31T14:36:52 IST" duration-ms="6150" status="PASS">
          <params>
            <param index="0">
              <value>
                <![CDATA["Login page functionality"]]>
              </value>
            </param>
            <param index="1">
              <value>
                <![CDATA["Login error handling"]]>
              </value>
            </param>
          </params>
          <reporter-output>
          </reporter-output>
        </test-method> <!-- runScenario -->
        <test-method signature="runScenario(io.cucumber.testng.PickleWrapper,io.cucumber.testng.FeatureWrapper)[pri:0, instance:TestNGTestRunner@5e2c3d18]" started-at="2024-10-31T14:36:52 IST" name="runScenario" description="Runs Cucumber Scenarios" data-provider="scenarios" finished-at="2024-10-31T14:36:56 IST" duration-ms="3870" status="PASS">
          <params>
            <param index="0">
              <value>
                <![CDATA["Login page functionality"]]>
              </value>
            </param>
            <param index="1">
              <value>
                <![CDATA["Login error handling"]]>
              </value>
            </param>
          </params>
          <reporter-output>
          </reporter-output>
        </test-method> <!-- runScenario -->
        <test-method signature="runScenario(io.cucumber.testng.PickleWrapper,io.cucumber.testng.FeatureWrapper)[pri:0, instance:TestNGTestRunner@5e2c3d18]" started-at="2024-10-31T14:36:56 IST" name="runScenario" description="Runs Cucumber Scenarios" data-provider="scenarios" finished-at="2024-10-31T14:37:00 IST" duration-ms="3779" status="PASS">
          <params>
            <param index="0">
              <value>
                <![CDATA["Login page functionality"]]>
              </value>
            </param>
            <param index="1">
              <value>
                <![CDATA["Login functionality"]]>
              </value>
            </param>
          </params>
          <reporter-output>
          </reporter-output>
        </test-method> <!-- runScenario -->
        <test-method signature="runScenario(io.cucumber.testng.PickleWrapper,io.cucumber.testng.FeatureWrapper)[pri:0, instance:TestNGTestRunner@5e2c3d18]" started-at="2024-10-31T14:37:00 IST" name="runScenario" description="Runs Cucumber Scenarios" data-provider="scenarios" finished-at="2024-10-31T14:37:04 IST" duration-ms="3879" status="PASS">
          <params>
            <param index="0">
              <value>
                <![CDATA["Login page functionality"]]>
              </value>
            </param>
            <param index="1">
              <value>
                <![CDATA["Login functionality"]]>
              </value>
            </param>
          </params>
          <reporter-output>
          </reporter-output>
        </test-method> <!-- runScenario -->
        <test-method signature="runScenario(io.cucumber.testng.PickleWrapper,io.cucumber.testng.FeatureWrapper)[pri:0, instance:TestNGTestRunner@5e2c3d18]" started-at="2024-10-31T14:37:04 IST" name="runScenario" description="Runs Cucumber Scenarios" data-provider="scenarios" finished-at="2024-10-31T14:37:08 IST" duration-ms="3957" status="PASS">
          <params>
            <param index="0">
              <value>
                <![CDATA["Login page functionality"]]>
              </value>
            </param>
            <param index="1">
              <value>
                <![CDATA["Login functionality"]]>
              </value>
            </param>
          </params>
          <reporter-output>
          </reporter-output>
        </test-method> <!-- runScenario -->
        <test-method signature="runScenario(io.cucumber.testng.PickleWrapper,io.cucumber.testng.FeatureWrapper)[pri:0, instance:TestNGTestRunner@5e2c3d18]" started-at="2024-10-31T14:37:08 IST" name="runScenario" description="Runs Cucumber Scenarios" data-provider="scenarios" finished-at="2024-10-31T14:37:12 IST" duration-ms="3832" status="PASS">
          <params>
            <param index="0">
              <value>
                <![CDATA["Login page functionality"]]>
              </value>
            </param>
            <param index="1">
              <value>
                <![CDATA["Login functionality"]]>
              </value>
            </param>
          </params>
          <reporter-output>
          </reporter-output>
        </test-method> <!-- runScenario -->
        <test-method signature="runScenario(io.cucumber.testng.PickleWrapper,io.cucumber.testng.FeatureWrapper)[pri:0, instance:TestNGTestRunner@5e2c3d18]" started-at="2024-10-31T14:37:12 IST" name="runScenario" description="Runs Cucumber Scenarios" data-provider="scenarios" finished-at="2024-10-31T14:37:17 IST" duration-ms="5079" status="PASS">
          <params>
            <param index="0">
              <value>
                <![CDATA["Login page functionality"]]>
              </value>
            </param>
            <param index="1">
              <value>
                <![CDATA["Login functionality"]]>
              </value>
            </param>
          </params>
          <reporter-output>
          </reporter-output>
        </test-method> <!-- runScenario -->
        <test-method signature="runScenario(io.cucumber.testng.PickleWrapper,io.cucumber.testng.FeatureWrapper)[pri:0, instance:TestNGTestRunner@5e2c3d18]" started-at="2024-10-31T14:37:17 IST" name="runScenario" description="Runs Cucumber Scenarios" data-provider="scenarios" finished-at="2024-10-31T14:37:21 IST" duration-ms="4120" status="PASS">
          <params>
            <param index="0">
              <value>
                <![CDATA["User submits empty registration form"]]>
              </value>
            </param>
            <param index="1">
              <value>
                <![CDATA["Register page error handling"]]>
              </value>
            </param>
          </params>
          <reporter-output>
          </reporter-output>
        </test-method> <!-- runScenario -->
        <test-method signature="runScenario(io.cucumber.testng.PickleWrapper,io.cucumber.testng.FeatureWrapper)[pri:0, instance:TestNGTestRunner@5e2c3d18]" started-at="2024-10-31T14:37:21 IST" name="runScenario" description="Runs Cucumber Scenarios" data-provider="scenarios" finished-at="2024-10-31T14:37:26 IST" duration-ms="4776" status="PASS">
          <params>
            <param index="0">
              <value>
                <![CDATA["User provides inalid email and invalid email error is displayed"]]>
              </value>
            </param>
            <param index="1">
              <value>
                <![CDATA["Register page error handling"]]>
              </value>
            </param>
          </params>
          <reporter-output>
          </reporter-output>
        </test-method> <!-- runScenario -->
        <test-method signature="runScenario(io.cucumber.testng.PickleWrapper,io.cucumber.testng.FeatureWrapper)[pri:0, instance:TestNGTestRunner@5e2c3d18]" started-at="2024-10-31T14:37:26 IST" name="runScenario" description="Runs Cucumber Scenarios" data-provider="scenarios" finished-at="2024-10-31T14:37:31 IST" duration-ms="4923" status="PASS">
          <params>
            <param index="0">
              <value>
                <![CDATA["User provides mismatch password and password mismatch error is displayed"]]>
              </value>
            </param>
            <param index="1">
              <value>
                <![CDATA["Register page error handling"]]>
              </value>
            </param>
          </params>
          <reporter-output>
          </reporter-output>
        </test-method> <!-- runScenario -->
        <test-method signature="runScenario(io.cucumber.testng.PickleWrapper,io.cucumber.testng.FeatureWrapper)[pri:0, instance:TestNGTestRunner@5e2c3d18]" started-at="2024-10-31T14:37:31 IST" name="runScenario" description="Runs Cucumber Scenarios" data-provider="scenarios" finished-at="2024-10-31T14:37:36 IST" duration-ms="4893" status="PASS">
          <params>
            <param index="0">
              <value>
                <![CDATA["User provides mobile number with chars and mobile error is displayed"]]>
              </value>
            </param>
            <param index="1">
              <value>
                <![CDATA["Register page error handling"]]>
              </value>
            </param>
          </params>
          <reporter-output>
          </reporter-output>
        </test-method> <!-- runScenario -->
        <test-method signature="runScenario(io.cucumber.testng.PickleWrapper,io.cucumber.testng.FeatureWrapper)[pri:0, instance:TestNGTestRunner@5e2c3d18]" started-at="2024-10-31T14:37:36 IST" name="runScenario" description="Runs Cucumber Scenarios" data-provider="scenarios" finished-at="2024-10-31T14:37:41 IST" duration-ms="5497" status="PASS">
          <params>
            <param index="0">
              <value>
                <![CDATA["User provides mobile number with less than 10 digits and mobile error is displayed"]]>
              </value>
            </param>
            <param index="1">
              <value>
                <![CDATA["Register page error handling"]]>
              </value>
            </param>
          </params>
          <reporter-output>
          </reporter-output>
        </test-method> <!-- runScenario -->
        <test-method signature="runScenario(io.cucumber.testng.PickleWrapper,io.cucumber.testng.FeatureWrapper)[pri:0, instance:TestNGTestRunner@5e2c3d18]" started-at="2024-10-31T14:37:41 IST" name="runScenario" description="Runs Cucumber Scenarios" data-provider="scenarios" finished-at="2024-10-31T14:37:47 IST" duration-ms="6058" status="PASS">
          <params>
            <param index="0">
              <value>
                <![CDATA["User provides registered email and registerd user is displayed"]]>
              </value>
            </param>
            <param index="1">
              <value>
                <![CDATA["Register page error handling"]]>
              </value>
            </param>
          </params>
          <reporter-output>
          </reporter-output>
        </test-method> <!-- runScenario -->
        <test-method signature="runScenario(io.cucumber.testng.PickleWrapper,io.cucumber.testng.FeatureWrapper)[pri:0, instance:TestNGTestRunner@5e2c3d18]" started-at="2024-10-31T14:37:47 IST" name="runScenario" description="Runs Cucumber Scenarios" data-provider="scenarios" finished-at="2024-10-31T14:37:53 IST" duration-ms="6051" status="PASS">
          <params>
            <param index="0">
              <value>
                <![CDATA["User provides password length less than 8 and passowrd error is displayed"]]>
              </value>
            </param>
            <param index="1">
              <value>
                <![CDATA["Register page error handling"]]>
              </value>
            </param>
          </params>
          <reporter-output>
          </reporter-output>
        </test-method> <!-- runScenario -->
        <test-method signature="runScenario(io.cucumber.testng.PickleWrapper,io.cucumber.testng.FeatureWrapper)[pri:0, instance:TestNGTestRunner@5e2c3d18]" started-at="2024-10-31T14:37:53 IST" name="runScenario" description="Runs Cucumber Scenarios" data-provider="scenarios" finished-at="2024-10-31T14:37:59 IST" duration-ms="6253" status="PASS">
          <params>
            <param index="0">
              <value>
                <![CDATA["User provides password length less than 8 and passowrd error is displayed"]]>
              </value>
            </param>
            <param index="1">
              <value>
                <![CDATA["Register page error handling"]]>
              </value>
            </param>
          </params>
          <reporter-output>
          </reporter-output>
        </test-method> <!-- runScenario -->
        <test-method signature="runScenario(io.cucumber.testng.PickleWrapper,io.cucumber.testng.FeatureWrapper)[pri:0, instance:TestNGTestRunner@5e2c3d18]" started-at="2024-10-31T14:37:59 IST" name="runScenario" description="Runs Cucumber Scenarios" data-provider="scenarios" finished-at="2024-10-31T14:38:06 IST" duration-ms="6664" status="PASS">
          <params>
            <param index="0">
              <value>
                <![CDATA["User provides correct details and api is failed and error is displayed"]]>
              </value>
            </param>
            <param index="1">
              <value>
                <![CDATA["Register page error handling"]]>
              </value>
            </param>
          </params>
          <reporter-output>
          </reporter-output>
        </test-method> <!-- runScenario -->
        <test-method signature="runScenario(io.cucumber.testng.PickleWrapper,io.cucumber.testng.FeatureWrapper)[pri:0, instance:TestNGTestRunner@5e2c3d18]" started-at="2024-10-31T14:38:06 IST" name="runScenario" description="Runs Cucumber Scenarios" data-provider="scenarios" finished-at="2024-10-31T14:38:11 IST" duration-ms="5327" status="PASS">
          <params>
            <param index="0">
              <value>
                <![CDATA["User provides registered email and registerd user is displayed"]]>
              </value>
            </param>
            <param index="1">
              <value>
                <![CDATA["Register page error handling"]]>
              </value>
            </param>
          </params>
          <reporter-output>
          </reporter-output>
        </test-method> <!-- runScenario -->
        <test-method signature="runScenario(io.cucumber.testng.PickleWrapper,io.cucumber.testng.FeatureWrapper)[pri:0, instance:TestNGTestRunner@5e2c3d18]" started-at="2024-10-31T14:38:11 IST" name="runScenario" description="Runs Cucumber Scenarios" data-provider="scenarios" finished-at="2024-10-31T14:38:16 IST" duration-ms="4105" status="PASS">
          <params>
            <param index="0">
              <value>
                <![CDATA["User clicks on login page link in register page"]]>
              </value>
            </param>
            <param index="1">
              <value>
                <![CDATA["Register page functionality"]]>
              </value>
            </param>
          </params>
          <reporter-output>
          </reporter-output>
        </test-method> <!-- runScenario -->
        <test-method signature="runScenario(io.cucumber.testng.PickleWrapper,io.cucumber.testng.FeatureWrapper)[pri:0, instance:TestNGTestRunner@5e2c3d18]" started-at="2024-10-31T14:38:16 IST" name="runScenario" description="Runs Cucumber Scenarios" data-provider="scenarios" finished-at="2024-10-31T14:38:25 IST" duration-ms="9086" status="PASS">
          <params>
            <param index="0">
              <value>
                <![CDATA["User provides all correct details and user is registered successfully"]]>
              </value>
            </param>
            <param index="1">
              <value>
                <![CDATA["Register page functionality"]]>
              </value>
            </param>
          </params>
          <reporter-output>
          </reporter-output>
        </test-method> <!-- runScenario -->
        <test-method is-config="true" signature="tearDownClass()[pri:0, instance:TestNGTestRunner@5e2c3d18]" started-at="2024-10-31T14:38:25 IST" name="tearDownClass" finished-at="2024-10-31T14:38:25 IST" duration-ms="2" status="PASS">
          <reporter-output>
          </reporter-output>
        </test-method> <!-- tearDownClass -->
      </class> <!-- TestNGTestRunner -->
    </test> <!-- Default test -->
  </suite> <!-- Default suite -->
</testng-results>
