<?xml version="1.0" encoding="UTF-8"?>
<testng-results ignored="0" total="6" passed="6" failed="0" skipped="0">
  <reporter-output>
  </reporter-output>
  <suite started-at="2025-01-01T11:02:53 IST" name="Default suite" finished-at="2025-01-01T11:03:02 IST" duration-ms="8442">
    <groups>
      <group name="cucumber">
        <method signature="AbstractTestNGCucumberTests.runScenario(io.cucumber.testng.PickleWrapper,io.cucumber.testng.FeatureWrapper)[pri:0, instance:TestNGTestRunner@19932c16]" name="runScenario" class="io.cucumber.testng.AbstractTestNGCucumberTests"/>
      </group> <!-- cucumber -->
    </groups>
    <test started-at="2025-01-01T11:02:53 IST" name="Default test" finished-at="2025-01-01T11:03:02 IST" duration-ms="8442">
      <class name="TestNGTestRunner">
        <test-method is-config="true" signature="setUpClass(org.testng.ITestContext)[pri:0, instance:TestNGTestRunner@19932c16]" started-at="2025-01-01T11:02:53 IST" name="setUpClass" finished-at="2025-01-01T11:02:54 IST" duration-ms="671" status="PASS">
          <params>
            <param index="0">
              <value>
                <![CDATA[org.testng.TestRunner@5cffec7]]>
              </value>
            </param>
          </params>
          <reporter-output>
          </reporter-output>
        </test-method> <!-- setUpClass -->
        <test-method signature="runScenario(io.cucumber.testng.PickleWrapper,io.cucumber.testng.FeatureWrapper)[pri:0, instance:TestNGTestRunner@19932c16]" started-at="2025-01-01T11:02:54 IST" name="runScenario" description="Runs Cucumber Scenarios" data-provider="scenarios" finished-at="2025-01-01T11:03:00 IST" duration-ms="6340" status="PASS">
          <params>
            <param index="0">
              <value>
                <![CDATA["Forgot Password API with correct details"]]>
              </value>
            </param>
            <param index="1">
              <value>
                <![CDATA["Forgot Password API functionality"]]>
              </value>
            </param>
          </params>
          <reporter-output>
          </reporter-output>
        </test-method> <!-- runScenario -->
        <test-method signature="runScenario(io.cucumber.testng.PickleWrapper,io.cucumber.testng.FeatureWrapper)[pri:0, instance:TestNGTestRunner@19932c16]" started-at="2025-01-01T11:03:00 IST" name="runScenario" description="Runs Cucumber Scenarios" data-provider="scenarios" finished-at="2025-01-01T11:03:01 IST" duration-ms="317" status="PASS">
          <params>
            <param index="0">
              <value>
                <![CDATA["Login API with incorrect login credentials"]]>
              </value>
            </param>
            <param index="1">
              <value>
                <![CDATA["Login API error handling"]]>
              </value>
            </param>
          </params>
          <reporter-output>
          </reporter-output>
        </test-method> <!-- runScenario -->
        <test-method signature="runScenario(io.cucumber.testng.PickleWrapper,io.cucumber.testng.FeatureWrapper)[pri:0, instance:TestNGTestRunner@19932c16]" started-at="2025-01-01T11:03:01 IST" name="runScenario" description="Runs Cucumber Scenarios" data-provider="scenarios" finished-at="2025-01-01T11:03:01 IST" duration-ms="393" status="PASS">
          <params>
            <param index="0">
              <value>
                <![CDATA["Login API with incorrect end point"]]>
              </value>
            </param>
            <param index="1">
              <value>
                <![CDATA["Login API error handling"]]>
              </value>
            </param>
          </params>
          <reporter-output>
          </reporter-output>
        </test-method> <!-- runScenario -->
        <test-method signature="runScenario(io.cucumber.testng.PickleWrapper,io.cucumber.testng.FeatureWrapper)[pri:0, instance:TestNGTestRunner@19932c16]" started-at="2025-01-01T11:03:01 IST" name="runScenario" description="Runs Cucumber Scenarios" data-provider="scenarios" finished-at="2025-01-01T11:03:01 IST" duration-ms="183" status="PASS">
          <params>
            <param index="0">
              <value>
                <![CDATA["Login API with no email"]]>
              </value>
            </param>
            <param index="1">
              <value>
                <![CDATA["Login API error handling"]]>
              </value>
            </param>
          </params>
          <reporter-output>
          </reporter-output>
        </test-method> <!-- runScenario -->
        <test-method signature="runScenario(io.cucumber.testng.PickleWrapper,io.cucumber.testng.FeatureWrapper)[pri:0, instance:TestNGTestRunner@19932c16]" started-at="2025-01-01T11:03:01 IST" name="runScenario" description="Runs Cucumber Scenarios" data-provider="scenarios" finished-at="2025-01-01T11:03:01 IST" duration-ms="158" status="PASS">
          <params>
            <param index="0">
              <value>
                <![CDATA["Login API with no password"]]>
              </value>
            </param>
            <param index="1">
              <value>
                <![CDATA["Login API error handling"]]>
              </value>
            </param>
          </params>
          <reporter-output>
          </reporter-output>
        </test-method> <!-- runScenario -->
        <test-method signature="runScenario(io.cucumber.testng.PickleWrapper,io.cucumber.testng.FeatureWrapper)[pri:0, instance:TestNGTestRunner@19932c16]" started-at="2025-01-01T11:03:01 IST" name="runScenario" description="Runs Cucumber Scenarios" data-provider="scenarios" finished-at="2025-01-01T11:03:02 IST" duration-ms="241" status="PASS">
          <params>
            <param index="0">
              <value>
                <![CDATA["Login API with correct login credentials"]]>
              </value>
            </param>
            <param index="1">
              <value>
                <![CDATA["Login API functionality"]]>
              </value>
            </param>
          </params>
          <reporter-output>
          </reporter-output>
        </test-method> <!-- runScenario -->
        <test-method is-config="true" signature="tearDownClass()[pri:0, instance:TestNGTestRunner@19932c16]" started-at="2025-01-01T11:03:02 IST" name="tearDownClass" finished-at="2025-01-01T11:03:02 IST" duration-ms="4" status="PASS">
          <reporter-output>
          </reporter-output>
        </test-method> <!-- tearDownClass -->
      </class> <!-- TestNGTestRunner -->
    </test> <!-- Default test -->
  </suite> <!-- Default suite -->
</testng-results>
